 
Currently Loaded Modulefiles:
 1) profile/base(default)       3) intel-oneapi-compilers/2023.2.1  
 2) intel-oneapi-mpi/2021.6.0  

Key:
(symbolic-version)  
mpiifort -O2 -c boundary.f90
mpiifort -O2 -c jacobi.f90
mpiifort -O2 -c cfdio.f90
mpiifort -O2 -c cfd.f90
mpiifort -O2 -o exe boundary.o cfd.o cfdio.o jacobi.o 
 Scale factor =  10, iterations =   1000, tolerance =   0.000    
 Running CFD on  640 x  640 grid using    1 process(es)
 
 Starting main loop ...
 
 completed iteration            5 , error =   6.814171669425367E-002
 completed iteration           10 , error =   4.011590164614445E-002
 completed iteration           15 , error =   2.949985166139076E-002
 completed iteration           20 , error =   2.373519641222956E-002
 completed iteration           25 , error =   2.005703470117791E-002
 completed iteration           30 , error =   1.748139882345351E-002
 completed iteration           35 , error =   1.556469768506747E-002
 completed iteration           40 , error =   1.407572516828192E-002
 completed iteration           45 , error =   1.288140975086083E-002
 completed iteration           50 , error =   1.189940843374797E-002
 completed iteration           55 , error =   1.107586779785768E-002
 completed iteration           60 , error =   1.037399134299010E-002
 completed iteration           65 , error =   9.767728550574456E-003
 completed iteration           70 , error =   9.238086559506942E-003
 completed iteration           75 , error =   8.770871161861395E-003
 completed iteration           80 , error =   8.355247894201416E-003
 completed iteration           85 , error =   7.982794454787624E-003
 completed iteration           90 , error =   7.646858530065047E-003
 completed iteration           95 , error =   7.342111603482237E-003
 completed iteration          100 , error =   7.064232068727693E-003
 completed iteration          105 , error =   6.809675767119306E-003
 completed iteration          110 , error =   6.575506930591989E-003
 completed iteration          115 , error =   6.359271679558149E-003
 completed iteration          120 , error =   6.158902027751066E-003
 completed iteration          125 , error =   5.972642104904735E-003
 completed iteration          130 , error =   5.798990794077832E-003
 completed iteration          135 , error =   5.636656655974016E-003
 completed iteration          140 , error =   5.484522161556316E-003
 completed iteration          145 , error =   5.341615054627755E-003
 completed iteration          150 , error =   5.207085231751255E-003
 completed iteration          155 , error =   5.080185932082889E-003
 completed iteration          160 , error =   4.960258323557972E-003
 completed iteration          165 , error =   4.846718787434774E-003
 completed iteration          170 , error =   4.739048363039441E-003
 completed iteration          175 , error =   4.636783934248491E-003
 completed iteration          180 , error =   4.539510829724640E-003
 completed iteration          185 , error =   4.446856577909321E-003
 completed iteration          190 , error =   4.358485610814808E-003
 completed iteration          195 , error =   4.274094751747446E-003
 completed iteration          200 , error =   4.193409354164724E-003
 completed iteration          205 , error =   4.116179984060943E-003
 completed iteration          210 , error =   4.042179558209312E-003
 completed iteration          215 , error =   3.971200866444741E-003
 completed iteration          220 , error =   3.903054418866023E-003
 completed iteration          225 , error =   3.837566569052400E-003
 completed iteration          230 , error =   3.774577872657383E-003
 completed iteration          235 , error =   3.713941647465893E-003
 completed iteration          240 , error =   3.655522706491843E-003
 completed iteration          245 , error =   3.599196240205551E-003
 completed iteration          250 , error =   3.544846827697082E-003
 completed iteration          255 , error =   3.492367559657861E-003
 completed iteration          260 , error =   3.441659258624501E-003
 completed iteration          265 , error =   3.392629784060573E-003
 completed iteration          270 , error =   3.345193411643162E-003
 completed iteration          275 , error =   3.299270277620466E-003
 completed iteration          280 , error =   3.254785880376716E-003
 completed iteration          285 , error =   3.211670632411259E-003
 completed iteration          290 , error =   3.169859456849341E-003
 completed iteration          295 , error =   3.129291423377160E-003
 completed iteration          300 , error =   3.089909419153662E-003
 completed iteration          305 , error =   3.051659850820363E-003
 completed iteration          310 , error =   3.014492374214416E-003
 completed iteration          315 , error =   2.978359648809156E-003
 completed iteration          320 , error =   2.943217114269828E-003
 completed iteration          325 , error =   2.909022786819836E-003
 completed iteration          330 , error =   2.875737073389547E-003
 completed iteration          335 , error =   2.843322601749799E-003
 completed iteration          340 , error =   2.811744065041350E-003
 completed iteration          345 , error =   2.780968079288236E-003
 completed iteration          350 , error =   2.750963052640754E-003
 completed iteration          355 , error =   2.721699065229509E-003
 completed iteration          360 , error =   2.693147758635355E-003
 completed iteration          365 , error =   2.665282234082607E-003
 completed iteration          370 , error =   2.638076958559039E-003
 completed iteration          375 , error =   2.611507678148249E-003
 completed iteration          380 , error =   2.585551337930888E-003
 completed iteration          385 , error =   2.560186007879954E-003
 completed iteration          390 , error =   2.535390814228687E-003
 completed iteration          395 , error =   2.511145875843490E-003
 completed iteration          400 , error =   2.487432245178778E-003
 completed iteration          405 , error =   2.464231853430323E-003
 completed iteration          410 , error =   2.441527459542372E-003
 completed iteration          415 , error =   2.419302602752926E-003
 completed iteration          420 , error =   2.397541558393728E-003
 completed iteration          425 , error =   2.376229296685280E-003
 completed iteration          430 , error =   2.355351444291161E-003
 completed iteration          435 , error =   2.334894248418443E-003
 completed iteration          440 , error =   2.314844543267000E-003
 completed iteration          445 , error =   2.295189718650484E-003
 completed iteration          450 , error =   2.275917690625024E-003
 completed iteration          455 , error =   2.257016873977108E-003
 completed iteration          460 , error =   2.238476156433494E-003
 completed iteration          465 , error =   2.220284874468278E-003
 completed iteration          470 , error =   2.202432790592092E-003
 completed iteration          475 , error =   2.184910072018369E-003
 completed iteration          480 , error =   2.167707270608648E-003
 completed iteration          485 , error =   2.150815304009279E-003
 completed iteration          490 , error =   2.134225437895986E-003
 completed iteration          495 , error =   2.117929269251518E-003
 completed iteration          500 , error =   2.101918710606052E-003
 completed iteration          505 , error =   2.086185975176211E-003
 completed iteration          510 , error =   2.070723562842934E-003
 completed iteration          515 , error =   2.055524246913451E-003
 completed iteration          520 , error =   2.040581061615780E-003
 completed iteration          525 , error =   2.025887290279454E-003
 completed iteration          530 , error =   2.011436454158053E-003
 completed iteration          535 , error =   1.997222301853078E-003
 completed iteration          540 , error =   1.983238799301971E-003
 completed iteration          545 , error =   1.969480120294640E-003
 completed iteration          550 , error =   1.955940637486741E-003
 completed iteration          555 , error =   1.942614913878697E-003
 completed iteration          560 , error =   1.929497694733058E-003
 completed iteration          565 , error =   1.916583899903555E-003
 completed iteration          570 , error =   1.903868616551449E-003
 completed iteration          575 , error =   1.891347092226704E-003
 completed iteration          580 , error =   1.879014728292387E-003
 completed iteration          585 , error =   1.866867073672762E-003
 completed iteration          590 , error =   1.854899818906288E-003
 completed iteration          595 , error =   1.843108790486324E-003
 completed iteration          600 , error =   1.831489945473436E-003
 completed iteration          605 , error =   1.820039366363903E-003
 completed iteration          610 , error =   1.808753256200521E-003
 completed iteration          615 , error =   1.797627933911939E-003
 completed iteration          620 , error =   1.786659829868696E-003
 completed iteration          625 , error =   1.775845481643813E-003
 completed iteration          630 , error =   1.765181529966840E-003
 completed iteration          635 , error =   1.754664714861554E-003
 completed iteration          640 , error =   1.744291871957382E-003
 completed iteration          645 , error =   1.734059928965134E-003
 completed iteration          650 , error =   1.723965902309080E-003
 completed iteration          655 , error =   1.714006893906757E-003
 completed iteration          660 , error =   1.704180088089501E-003
 completed iteration          665 , error =   1.694482748655882E-003
 completed iteration          670 , error =   1.684912216052131E-003
 completed iteration          675 , error =   1.675465904672451E-003
 completed iteration          680 , error =   1.666141300273538E-003
 completed iteration          685 , error =   1.656935957498312E-003
 completed iteration          690 , error =   1.647847497502097E-003
 completed iteration          695 , error =   1.638873605677709E-003
 completed iteration          700 , error =   1.630012029473827E-003
 completed iteration          705 , error =   1.621260576302511E-003
 completed iteration          710 , error =   1.612617111531331E-003
 completed iteration          715 , error =   1.604079556556669E-003
 completed iteration          720 , error =   1.595645886953700E-003
 completed iteration          725 , error =   1.587314130699961E-003
 completed iteration          730 , error =   1.579082366468885E-003
 completed iteration          735 , error =   1.570948721990234E-003
 completed iteration          740 , error =   1.562911372474198E-003
 completed iteration          745 , error =   1.554968539096447E-003
 completed iteration          750 , error =   1.547118487541174E-003
 completed iteration          755 , error =   1.539359526599821E-003
 completed iteration          760 , error =   1.531690006822808E-003
 completed iteration          765 , error =   1.524108319222008E-003
 completed iteration          770 , error =   1.516612894021502E-003
 completed iteration          775 , error =   1.509202199455100E-003
 completed iteration          780 , error =   1.501874740607891E-003
 completed iteration          785 , error =   1.494629058300370E-003
 completed iteration          790 , error =   1.487463728013296E-003
 completed iteration          795 , error =   1.480377358851270E-003
 completed iteration          800 , error =   1.473368592543832E-003
 completed iteration          805 , error =   1.466436102482008E-003
 completed iteration          810 , error =   1.459578592789346E-003
 completed iteration          815 , error =   1.452794797425472E-003
 completed iteration          820 , error =   1.446083479321358E-003
 completed iteration          825 , error =   1.439443429544549E-003
 completed iteration          830 , error =   1.432873466493503E-003
 completed iteration          835 , error =   1.426372435119478E-003
 completed iteration          840 , error =   1.419939206175342E-003
 completed iteration          845 , error =   1.413572675489690E-003
 completed iteration          850 , error =   1.407271763265774E-003
 completed iteration          855 , error =   1.401035413403774E-003
 completed iteration          860 , error =   1.394862592846021E-003
 completed iteration          865 , error =   1.388752290943753E-003
 completed iteration          870 , error =   1.382703518845006E-003
 completed iteration          875 , error =   1.376715308902405E-003
 completed iteration          880 , error =   1.370786714100666E-003
 completed iteration          885 , error =   1.364916807502309E-003
 completed iteration          890 , error =   1.359104681711530E-003
 completed iteration          895 , error =   1.353349448355380E-003
 completed iteration          900 , error =   1.347650237581171E-003
 completed iteration          905 , error =   1.342006197570379E-003
 completed iteration          910 , error =   1.336416494067391E-003
 completed iteration          915 , error =   1.330880309923488E-003
 completed iteration          920 , error =   1.325396844654747E-003
 completed iteration          925 , error =   1.319965314014055E-003
 completed iteration          930 , error =   1.314584949575992E-003
 completed iteration          935 , error =   1.309254998334711E-003
 completed iteration          940 , error =   1.303974722314182E-003
 completed iteration          945 , error =   1.298743398190050E-003
 completed iteration          950 , error =   1.293560316923201E-003
 completed iteration          955 , error =   1.288424783404154E-003
 completed iteration          960 , error =   1.283336116108366E-003
 completed iteration          965 , error =   1.278293646761419E-003
 completed iteration          970 , error =   1.273296720014689E-003
 completed iteration          975 , error =   1.268344693129984E-003
 completed iteration          980 , error =   1.263436935673942E-003
 completed iteration          985 , error =   1.258572829221023E-003
 completed iteration          990 , error =   1.253751767065294E-003
 completed iteration          995 , error =   1.248973153940469E-003
 completed iteration         1000 , error =   1.244236405748126E-003
 
 ... finished
 
 After      1000 iterations, error is  0.1244E-02
 Time for   1000 iterations was  0.7918     seconds
 Each individual iteration took  0.7918E-03 seconds
 
 Writing output file ...
  ... finished
 
 CFD completed
 
done
 Scale factor =  10, iterations =   1000, tolerance =   0.000    
 Running CFD on  640 x  640 grid using    2 process(es)
 
 Starting main loop ...
 
 completed iteration            5 , error =   6.814171669425367E-002
 completed iteration           10 , error =   4.011590164614445E-002
 completed iteration           15 , error =   2.949985166139076E-002
 completed iteration           20 , error =   2.373519641222956E-002
 completed iteration           25 , error =   2.005703470117791E-002
 completed iteration           30 , error =   1.748139882345351E-002
 completed iteration           35 , error =   1.556469768506747E-002
 completed iteration           40 , error =   1.407572516828192E-002
 completed iteration           45 , error =   1.288140975086083E-002
 completed iteration           50 , error =   1.189940843374797E-002
 completed iteration           55 , error =   1.107586779785768E-002
 completed iteration           60 , error =   1.037399134299010E-002
 completed iteration           65 , error =   9.767728550574456E-003
 completed iteration           70 , error =   9.238086559506942E-003
 completed iteration           75 , error =   8.770871161861395E-003
 completed iteration           80 , error =   8.355247894201416E-003
 completed iteration           85 , error =   7.982794454787624E-003
 completed iteration           90 , error =   7.646858530065047E-003
 completed iteration           95 , error =   7.342111603482237E-003
 completed iteration          100 , error =   7.064232068727693E-003
 completed iteration          105 , error =   6.809675767119306E-003
 completed iteration          110 , error =   6.575506930591989E-003
 completed iteration          115 , error =   6.359271679558149E-003
 completed iteration          120 , error =   6.158902027751066E-003
 completed iteration          125 , error =   5.972642104904735E-003
 completed iteration          130 , error =   5.798990794077832E-003
 completed iteration          135 , error =   5.636656655974016E-003
 completed iteration          140 , error =   5.484522161556316E-003
 completed iteration          145 , error =   5.341615054627755E-003
 completed iteration          150 , error =   5.207085231751255E-003
 completed iteration          155 , error =   5.080185932082889E-003
 completed iteration          160 , error =   4.960258323557972E-003
 completed iteration          165 , error =   4.846718787434774E-003
 completed iteration          170 , error =   4.739048363039441E-003
 completed iteration          175 , error =   4.636783934248491E-003
 completed iteration          180 , error =   4.539510829724640E-003
 completed iteration          185 , error =   4.446856577909321E-003
 completed iteration          190 , error =   4.358485610814808E-003
 completed iteration          195 , error =   4.274094751747446E-003
 completed iteration          200 , error =   4.193409354164724E-003
 completed iteration          205 , error =   4.116179984060943E-003
 completed iteration          210 , error =   4.042179558209312E-003
 completed iteration          215 , error =   3.971200866444741E-003
 completed iteration          220 , error =   3.903054418866023E-003
 completed iteration          225 , error =   3.837566569052400E-003
 completed iteration          230 , error =   3.774577872657383E-003
 completed iteration          235 , error =   3.713941647465893E-003
 completed iteration          240 , error =   3.655522706491843E-003
 completed iteration          245 , error =   3.599196240205551E-003
 completed iteration          250 , error =   3.544846827697082E-003
 completed iteration          255 , error =   3.492367559657861E-003
 completed iteration          260 , error =   3.441659258624501E-003
 completed iteration          265 , error =   3.392629784060573E-003
 completed iteration          270 , error =   3.345193411643162E-003
 completed iteration          275 , error =   3.299270277620466E-003
 completed iteration          280 , error =   3.254785880376716E-003
 completed iteration          285 , error =   3.211670632411259E-003
 completed iteration          290 , error =   3.169859456849341E-003
 completed iteration          295 , error =   3.129291423377160E-003
 completed iteration          300 , error =   3.089909419153662E-003
 completed iteration          305 , error =   3.051659850820363E-003
 completed iteration          310 , error =   3.014492374214416E-003
 completed iteration          315 , error =   2.978359648809156E-003
 completed iteration          320 , error =   2.943217114269828E-003
 completed iteration          325 , error =   2.909022786819836E-003
 completed iteration          330 , error =   2.875737073389547E-003
 completed iteration          335 , error =   2.843322601749799E-003
 completed iteration          340 , error =   2.811744065041350E-003
 completed iteration          345 , error =   2.780968079288236E-003
 completed iteration          350 , error =   2.750963052640754E-003
 completed iteration          355 , error =   2.721699065229509E-003
 completed iteration          360 , error =   2.693147758635355E-003
 completed iteration          365 , error =   2.665282234082607E-003
 completed iteration          370 , error =   2.638076958559039E-003
 completed iteration          375 , error =   2.611507678148249E-003
 completed iteration          380 , error =   2.585551337930888E-003
 completed iteration          385 , error =   2.560186007879954E-003
 completed iteration          390 , error =   2.535390814228687E-003
 completed iteration          395 , error =   2.511145875843490E-003
 completed iteration          400 , error =   2.487432245178778E-003
 completed iteration          405 , error =   2.464231853430323E-003
 completed iteration          410 , error =   2.441527459542372E-003
 completed iteration          415 , error =   2.419302602752926E-003
 completed iteration          420 , error =   2.397541558393728E-003
 completed iteration          425 , error =   2.376229296685280E-003
 completed iteration          430 , error =   2.355351444291161E-003
 completed iteration          435 , error =   2.334894248418443E-003
 completed iteration          440 , error =   2.314844543267000E-003
 completed iteration          445 , error =   2.295189718650484E-003
 completed iteration          450 , error =   2.275917690625024E-003
 completed iteration          455 , error =   2.257016873977108E-003
 completed iteration          460 , error =   2.238476156433494E-003
 completed iteration          465 , error =   2.220284874468278E-003
 completed iteration          470 , error =   2.202432790592092E-003
 completed iteration          475 , error =   2.184910072018369E-003
 completed iteration          480 , error =   2.167707270608648E-003
 completed iteration          485 , error =   2.150815304009279E-003
 completed iteration          490 , error =   2.134225437895986E-003
 completed iteration          495 , error =   2.117929269251518E-003
 completed iteration          500 , error =   2.101918710606052E-003
 completed iteration          505 , error =   2.086185975176211E-003
 completed iteration          510 , error =   2.070723562842934E-003
 completed iteration          515 , error =   2.055524246913451E-003
 completed iteration          520 , error =   2.040581061615780E-003
 completed iteration          525 , error =   2.025887290279454E-003
 completed iteration          530 , error =   2.011436454158053E-003
 completed iteration          535 , error =   1.997222301853078E-003
 completed iteration          540 , error =   1.983238799301971E-003
 completed iteration          545 , error =   1.969480120294640E-003
 completed iteration          550 , error =   1.955940637486741E-003
 completed iteration          555 , error =   1.942614913878697E-003
 completed iteration          560 , error =   1.929497694733058E-003
 completed iteration          565 , error =   1.916583899903555E-003
 completed iteration          570 , error =   1.903868616551449E-003
 completed iteration          575 , error =   1.891347092226704E-003
 completed iteration          580 , error =   1.879014728292387E-003
 completed iteration          585 , error =   1.866867073672762E-003
 completed iteration          590 , error =   1.854899818906288E-003
 completed iteration          595 , error =   1.843108790486324E-003
 completed iteration          600 , error =   1.831489945473436E-003
 completed iteration          605 , error =   1.820039366363903E-003
 completed iteration          610 , error =   1.808753256200521E-003
 completed iteration          615 , error =   1.797627933911939E-003
 completed iteration          620 , error =   1.786659829868696E-003
 completed iteration          625 , error =   1.775845481643813E-003
 completed iteration          630 , error =   1.765181529966840E-003
 completed iteration          635 , error =   1.754664714861554E-003
 completed iteration          640 , error =   1.744291871957382E-003
 completed iteration          645 , error =   1.734059928965134E-003
 completed iteration          650 , error =   1.723965902309080E-003
 completed iteration          655 , error =   1.714006893906757E-003
 completed iteration          660 , error =   1.704180088089501E-003
 completed iteration          665 , error =   1.694482748655882E-003
 completed iteration          670 , error =   1.684912216052131E-003
 completed iteration          675 , error =   1.675465904672451E-003
 completed iteration          680 , error =   1.666141300273538E-003
 completed iteration          685 , error =   1.656935957498312E-003
 completed iteration          690 , error =   1.647847497502097E-003
 completed iteration          695 , error =   1.638873605677709E-003
 completed iteration          700 , error =   1.630012029473827E-003
 completed iteration          705 , error =   1.621260576302511E-003
 completed iteration          710 , error =   1.612617111531331E-003
 completed iteration          715 , error =   1.604079556556669E-003
 completed iteration          720 , error =   1.595645886953700E-003
 completed iteration          725 , error =   1.587314130699961E-003
 completed iteration          730 , error =   1.579082366468885E-003
 completed iteration          735 , error =   1.570948721990234E-003
 completed iteration          740 , error =   1.562911372474198E-003
 completed iteration          745 , error =   1.554968539096447E-003
 completed iteration          750 , error =   1.547118487541174E-003
 completed iteration          755 , error =   1.539359526599821E-003
 completed iteration          760 , error =   1.531690006822808E-003
 completed iteration          765 , error =   1.524108319222008E-003
 completed iteration          770 , error =   1.516612894021502E-003
 completed iteration          775 , error =   1.509202199455100E-003
 completed iteration          780 , error =   1.501874740607891E-003
 completed iteration          785 , error =   1.494629058300370E-003
 completed iteration          790 , error =   1.487463728013296E-003
 completed iteration          795 , error =   1.480377358851270E-003
 completed iteration          800 , error =   1.473368592543832E-003
 completed iteration          805 , error =   1.466436102482008E-003
 completed iteration          810 , error =   1.459578592789346E-003
 completed iteration          815 , error =   1.452794797425472E-003
 completed iteration          820 , error =   1.446083479321358E-003
 completed iteration          825 , error =   1.439443429544549E-003
 completed iteration          830 , error =   1.432873466493503E-003
 completed iteration          835 , error =   1.426372435119478E-003
 completed iteration          840 , error =   1.419939206175342E-003
 completed iteration          845 , error =   1.413572675489690E-003
 completed iteration          850 , error =   1.407271763265774E-003
 completed iteration          855 , error =   1.401035413403774E-003
 completed iteration          860 , error =   1.394862592846021E-003
 completed iteration          865 , error =   1.388752290943753E-003
 completed iteration          870 , error =   1.382703518845006E-003
 completed iteration          875 , error =   1.376715308902405E-003
 completed iteration          880 , error =   1.370786714100666E-003
 completed iteration          885 , error =   1.364916807502309E-003
 completed iteration          890 , error =   1.359104681711530E-003
 completed iteration          895 , error =   1.353349448355380E-003
 completed iteration          900 , error =   1.347650237581171E-003
 completed iteration          905 , error =   1.342006197570379E-003
 completed iteration          910 , error =   1.336416494067391E-003
 completed iteration          915 , error =   1.330880309923488E-003
 completed iteration          920 , error =   1.325396844654747E-003
 completed iteration          925 , error =   1.319965314014055E-003
 completed iteration          930 , error =   1.314584949575992E-003
 completed iteration          935 , error =   1.309254998334711E-003
 completed iteration          940 , error =   1.303974722314182E-003
 completed iteration          945 , error =   1.298743398190050E-003
 completed iteration          950 , error =   1.293560316923201E-003
 completed iteration          955 , error =   1.288424783404154E-003
 completed iteration          960 , error =   1.283336116108366E-003
 completed iteration          965 , error =   1.278293646761419E-003
 completed iteration          970 , error =   1.273296720014689E-003
 completed iteration          975 , error =   1.268344693129984E-003
 completed iteration          980 , error =   1.263436935673942E-003
 completed iteration          985 , error =   1.258572829221023E-003
 completed iteration          990 , error =   1.253751767065294E-003
 completed iteration          995 , error =   1.248973153940469E-003
 completed iteration         1000 , error =   1.244236405748126E-003
 
 ... finished
 
 After      1000 iterations, error is  0.1244E-02
 Time for   1000 iterations was  0.4114     seconds
 Each individual iteration took  0.4114E-03 seconds
 
 Writing output file ...
  ... finished
 
 CFD completed
 
done
 Scale factor =  10, iterations =   1000, tolerance =   0.000    
 Running CFD on  640 x  640 grid using    5 process(es)
 
 Starting main loop ...
 
 completed iteration            5 , error =   6.814171669425367E-002
 completed iteration           10 , error =   4.011590164614445E-002
 completed iteration           15 , error =   2.949985166139077E-002
 completed iteration           20 , error =   2.373519641222956E-002
 completed iteration           25 , error =   2.005703470117791E-002
 completed iteration           30 , error =   1.748139882345351E-002
 completed iteration           35 , error =   1.556469768506748E-002
 completed iteration           40 , error =   1.407572516828192E-002
 completed iteration           45 , error =   1.288140975086083E-002
 completed iteration           50 , error =   1.189940843374797E-002
 completed iteration           55 , error =   1.107586779785768E-002
 completed iteration           60 , error =   1.037399134299011E-002
 completed iteration           65 , error =   9.767728550574456E-003
 completed iteration           70 , error =   9.238086559506942E-003
 completed iteration           75 , error =   8.770871161861397E-003
 completed iteration           80 , error =   8.355247894201414E-003
 completed iteration           85 , error =   7.982794454787626E-003
 completed iteration           90 , error =   7.646858530065047E-003
 completed iteration           95 , error =   7.342111603482237E-003
 completed iteration          100 , error =   7.064232068727693E-003
 completed iteration          105 , error =   6.809675767119308E-003
 completed iteration          110 , error =   6.575506930591991E-003
 completed iteration          115 , error =   6.359271679558152E-003
 completed iteration          120 , error =   6.158902027751067E-003
 completed iteration          125 , error =   5.972642104904736E-003
 completed iteration          130 , error =   5.798990794077832E-003
 completed iteration          135 , error =   5.636656655974018E-003
 completed iteration          140 , error =   5.484522161556318E-003
 completed iteration          145 , error =   5.341615054627757E-003
 completed iteration          150 , error =   5.207085231751256E-003
 completed iteration          155 , error =   5.080185932082891E-003
 completed iteration          160 , error =   4.960258323557975E-003
 completed iteration          165 , error =   4.846718787434779E-003
 completed iteration          170 , error =   4.739048363039445E-003
 completed iteration          175 , error =   4.636783934248494E-003
 completed iteration          180 , error =   4.539510829724642E-003
 completed iteration          185 , error =   4.446856577909323E-003
 completed iteration          190 , error =   4.358485610814809E-003
 completed iteration          195 , error =   4.274094751747446E-003
 completed iteration          200 , error =   4.193409354164727E-003
 completed iteration          205 , error =   4.116179984060945E-003
 completed iteration          210 , error =   4.042179558209313E-003
 completed iteration          215 , error =   3.971200866444743E-003
 completed iteration          220 , error =   3.903054418866025E-003
 completed iteration          225 , error =   3.837566569052402E-003
 completed iteration          230 , error =   3.774577872657385E-003
 completed iteration          235 , error =   3.713941647465895E-003
 completed iteration          240 , error =   3.655522706491844E-003
 completed iteration          245 , error =   3.599196240205553E-003
 completed iteration          250 , error =   3.544846827697082E-003
 completed iteration          255 , error =   3.492367559657864E-003
 completed iteration          260 , error =   3.441659258624503E-003
 completed iteration          265 , error =   3.392629784060575E-003
 completed iteration          270 , error =   3.345193411643165E-003
 completed iteration          275 , error =   3.299270277620468E-003
 completed iteration          280 , error =   3.254785880376719E-003
 completed iteration          285 , error =   3.211670632411260E-003
 completed iteration          290 , error =   3.169859456849342E-003
 completed iteration          295 , error =   3.129291423377162E-003
 completed iteration          300 , error =   3.089909419153664E-003
 completed iteration          305 , error =   3.051659850820365E-003
 completed iteration          310 , error =   3.014492374214418E-003
 completed iteration          315 , error =   2.978359648809156E-003
 completed iteration          320 , error =   2.943217114269829E-003
 completed iteration          325 , error =   2.909022786819838E-003
 completed iteration          330 , error =   2.875737073389547E-003
 completed iteration          335 , error =   2.843322601749801E-003
 completed iteration          340 , error =   2.811744065041351E-003
 completed iteration          345 , error =   2.780968079288237E-003
 completed iteration          350 , error =   2.750963052640756E-003
 completed iteration          355 , error =   2.721699065229511E-003
 completed iteration          360 , error =   2.693147758635356E-003
 completed iteration          365 , error =   2.665282234082608E-003
 completed iteration          370 , error =   2.638076958559041E-003
 completed iteration          375 , error =   2.611507678148250E-003
 completed iteration          380 , error =   2.585551337930890E-003
 completed iteration          385 , error =   2.560186007879956E-003
 completed iteration          390 , error =   2.535390814228688E-003
 completed iteration          395 , error =   2.511145875843491E-003
 completed iteration          400 , error =   2.487432245178780E-003
 completed iteration          405 , error =   2.464231853430325E-003
 completed iteration          410 , error =   2.441527459542373E-003
 completed iteration          415 , error =   2.419302602752928E-003
 completed iteration          420 , error =   2.397541558393730E-003
 completed iteration          425 , error =   2.376229296685282E-003
 completed iteration          430 , error =   2.355351444291163E-003
 completed iteration          435 , error =   2.334894248418445E-003
 completed iteration          440 , error =   2.314844543267003E-003
 completed iteration          445 , error =   2.295189718650487E-003
 completed iteration          450 , error =   2.275917690625027E-003
 completed iteration          455 , error =   2.257016873977111E-003
 completed iteration          460 , error =   2.238476156433496E-003
 completed iteration          465 , error =   2.220284874468280E-003
 completed iteration          470 , error =   2.202432790592094E-003
 completed iteration          475 , error =   2.184910072018371E-003
 completed iteration          480 , error =   2.167707270608649E-003
 completed iteration          485 , error =   2.150815304009280E-003
 completed iteration          490 , error =   2.134225437895987E-003
 completed iteration          495 , error =   2.117929269251520E-003
 completed iteration          500 , error =   2.101918710606053E-003
 completed iteration          505 , error =   2.086185975176213E-003
 completed iteration          510 , error =   2.070723562842936E-003
 completed iteration          515 , error =   2.055524246913451E-003
 completed iteration          520 , error =   2.040581061615781E-003
 completed iteration          525 , error =   2.025887290279456E-003
 completed iteration          530 , error =   2.011436454158054E-003
 completed iteration          535 , error =   1.997222301853080E-003
 completed iteration          540 , error =   1.983238799301973E-003
 completed iteration          545 , error =   1.969480120294641E-003
 completed iteration          550 , error =   1.955940637486743E-003
 completed iteration          555 , error =   1.942614913878699E-003
 completed iteration          560 , error =   1.929497694733059E-003
 completed iteration          565 , error =   1.916583899903557E-003
 completed iteration          570 , error =   1.903868616551451E-003
 completed iteration          575 , error =   1.891347092226706E-003
 completed iteration          580 , error =   1.879014728292388E-003
 completed iteration          585 , error =   1.866867073672765E-003
 completed iteration          590 , error =   1.854899818906290E-003
 completed iteration          595 , error =   1.843108790486325E-003
 completed iteration          600 , error =   1.831489945473438E-003
 completed iteration          605 , error =   1.820039366363905E-003
 completed iteration          610 , error =   1.808753256200524E-003
 completed iteration          615 , error =   1.797627933911941E-003
 completed iteration          620 , error =   1.786659829868698E-003
 completed iteration          625 , error =   1.775845481643815E-003
 completed iteration          630 , error =   1.765181529966843E-003
 completed iteration          635 , error =   1.754664714861556E-003
 completed iteration          640 , error =   1.744291871957384E-003
 completed iteration          645 , error =   1.734059928965136E-003
 completed iteration          650 , error =   1.723965902309083E-003
 completed iteration          655 , error =   1.714006893906759E-003
 completed iteration          660 , error =   1.704180088089503E-003
 completed iteration          665 , error =   1.694482748655886E-003
 completed iteration          670 , error =   1.684912216052133E-003
 completed iteration          675 , error =   1.675465904672453E-003
 completed iteration          680 , error =   1.666141300273541E-003
 completed iteration          685 , error =   1.656935957498313E-003
 completed iteration          690 , error =   1.647847497502099E-003
 completed iteration          695 , error =   1.638873605677711E-003
 completed iteration          700 , error =   1.630012029473830E-003
 completed iteration          705 , error =   1.621260576302513E-003
 completed iteration          710 , error =   1.612617111531334E-003
 completed iteration          715 , error =   1.604079556556671E-003
 completed iteration          720 , error =   1.595645886953702E-003
 completed iteration          725 , error =   1.587314130699963E-003
 completed iteration          730 , error =   1.579082366468888E-003
 completed iteration          735 , error =   1.570948721990236E-003
 completed iteration          740 , error =   1.562911372474200E-003
 completed iteration          745 , error =   1.554968539096450E-003
 completed iteration          750 , error =   1.547118487541176E-003
 completed iteration          755 , error =   1.539359526599822E-003
 completed iteration          760 , error =   1.531690006822810E-003
 completed iteration          765 , error =   1.524108319222009E-003
 completed iteration          770 , error =   1.516612894021504E-003
 completed iteration          775 , error =   1.509202199455101E-003
 completed iteration          780 , error =   1.501874740607892E-003
 completed iteration          785 , error =   1.494629058300372E-003
 completed iteration          790 , error =   1.487463728013298E-003
 completed iteration          795 , error =   1.480377358851272E-003
 completed iteration          800 , error =   1.473368592543833E-003
 completed iteration          805 , error =   1.466436102482009E-003
 completed iteration          810 , error =   1.459578592789347E-003
 completed iteration          815 , error =   1.452794797425473E-003
 completed iteration          820 , error =   1.446083479321360E-003
 completed iteration          825 , error =   1.439443429544550E-003
 completed iteration          830 , error =   1.432873466493505E-003
 completed iteration          835 , error =   1.426372435119480E-003
 completed iteration          840 , error =   1.419939206175344E-003
 completed iteration          845 , error =   1.413572675489691E-003
 completed iteration          850 , error =   1.407271763265775E-003
 completed iteration          855 , error =   1.401035413403777E-003
 completed iteration          860 , error =   1.394862592846023E-003
 completed iteration          865 , error =   1.388752290943755E-003
 completed iteration          870 , error =   1.382703518845008E-003
 completed iteration          875 , error =   1.376715308902407E-003
 completed iteration          880 , error =   1.370786714100668E-003
 completed iteration          885 , error =   1.364916807502311E-003
 completed iteration          890 , error =   1.359104681711532E-003
 completed iteration          895 , error =   1.353349448355381E-003
 completed iteration          900 , error =   1.347650237581174E-003
 completed iteration          905 , error =   1.342006197570381E-003
 completed iteration          910 , error =   1.336416494067395E-003
 completed iteration          915 , error =   1.330880309923490E-003
 completed iteration          920 , error =   1.325396844654749E-003
 completed iteration          925 , error =   1.319965314014057E-003
 completed iteration          930 , error =   1.314584949575994E-003
 completed iteration          935 , error =   1.309254998334715E-003
 completed iteration          940 , error =   1.303974722314186E-003
 completed iteration          945 , error =   1.298743398190053E-003
 completed iteration          950 , error =   1.293560316923205E-003
 completed iteration          955 , error =   1.288424783404159E-003
 completed iteration          960 , error =   1.283336116108371E-003
 completed iteration          965 , error =   1.278293646761425E-003
 completed iteration          970 , error =   1.273296720014694E-003
 completed iteration          975 , error =   1.268344693129990E-003
 completed iteration          980 , error =   1.263436935673948E-003
 completed iteration          985 , error =   1.258572829221031E-003
 completed iteration          990 , error =   1.253751767065298E-003
 completed iteration          995 , error =   1.248973153940475E-003
 completed iteration         1000 , error =   1.244236405748132E-003
 
 ... finished
 
 After      1000 iterations, error is  0.1244E-02
 Time for   1000 iterations was  0.1552     seconds
 Each individual iteration took  0.1552E-03 seconds
 
 Writing output file ...
  ... finished
 
 CFD completed
 
done
 Scale factor =  10, iterations =   1000, tolerance =   0.000    
 Running CFD on  640 x  640 grid using   10 process(es)
 
 Starting main loop ...
 
 completed iteration            5 , error =   6.814171669425367E-002
 completed iteration           10 , error =   4.011590164614445E-002
 completed iteration           15 , error =   2.949985166139079E-002
 completed iteration           20 , error =   2.373519641222956E-002
 completed iteration           25 , error =   2.005703470117788E-002
 completed iteration           30 , error =   1.748139882345350E-002
 completed iteration           35 , error =   1.556469768506746E-002
 completed iteration           40 , error =   1.407572516828190E-002
 completed iteration           45 , error =   1.288140975086084E-002
 completed iteration           50 , error =   1.189940843374797E-002
 completed iteration           55 , error =   1.107586779785768E-002
 completed iteration           60 , error =   1.037399134299011E-002
 completed iteration           65 , error =   9.767728550574456E-003
 completed iteration           70 , error =   9.238086559506942E-003
 completed iteration           75 , error =   8.770871161861388E-003
 completed iteration           80 , error =   8.355247894201417E-003
 completed iteration           85 , error =   7.982794454787627E-003
 completed iteration           90 , error =   7.646858530065049E-003
 completed iteration           95 , error =   7.342111603482239E-003
 completed iteration          100 , error =   7.064232068727704E-003
 completed iteration          105 , error =   6.809675767119302E-003
 completed iteration          110 , error =   6.575506930591994E-003
 completed iteration          115 , error =   6.359271679558149E-003
 completed iteration          120 , error =   6.158902027751066E-003
 completed iteration          125 , error =   5.972642104904738E-003
 completed iteration          130 , error =   5.798990794077830E-003
 completed iteration          135 , error =   5.636656655974020E-003
 completed iteration          140 , error =   5.484522161556314E-003
 completed iteration          145 , error =   5.341615054627756E-003
 completed iteration          150 , error =   5.207085231751255E-003
 completed iteration          155 , error =   5.080185932082892E-003
 completed iteration          160 , error =   4.960258323557975E-003
 completed iteration          165 , error =   4.846718787434782E-003
 completed iteration          170 , error =   4.739048363039448E-003
 completed iteration          175 , error =   4.636783934248496E-003
 completed iteration          180 , error =   4.539510829724644E-003
 completed iteration          185 , error =   4.446856577909329E-003
 completed iteration          190 , error =   4.358485610814808E-003
 completed iteration          195 , error =   4.274094751747445E-003
 completed iteration          200 , error =   4.193409354164729E-003
 completed iteration          205 , error =   4.116179984060945E-003
 completed iteration          210 , error =   4.042179558209310E-003
 completed iteration          215 , error =   3.971200866444746E-003
 completed iteration          220 , error =   3.903054418866025E-003
 completed iteration          225 , error =   3.837566569052400E-003
 completed iteration          230 , error =   3.774577872657388E-003
 completed iteration          235 , error =   3.713941647465900E-003
 completed iteration          240 , error =   3.655522706491847E-003
 completed iteration          245 , error =   3.599196240205561E-003
 completed iteration          250 , error =   3.544846827697084E-003
 completed iteration          255 , error =   3.492367559657884E-003
 completed iteration          260 , error =   3.441659258624520E-003
 completed iteration          265 , error =   3.392629784060576E-003
 completed iteration          270 , error =   3.345193411643172E-003
 completed iteration          275 , error =   3.299270277620473E-003
 completed iteration          280 , error =   3.254785880376724E-003
 completed iteration          285 , error =   3.211670632411267E-003
 completed iteration          290 , error =   3.169859456849347E-003
 completed iteration          295 , error =   3.129291423377164E-003
 completed iteration          300 , error =   3.089909419153670E-003
 completed iteration          305 , error =   3.051659850820379E-003
 completed iteration          310 , error =   3.014492374214415E-003
 completed iteration          315 , error =   2.978359648809171E-003
 completed iteration          320 , error =   2.943217114269824E-003
 completed iteration          325 , error =   2.909022786819847E-003
 completed iteration          330 , error =   2.875737073389547E-003
 completed iteration          335 , error =   2.843322601749796E-003
 completed iteration          340 , error =   2.811744065041341E-003
 completed iteration          345 , error =   2.780968079288244E-003
 completed iteration          350 , error =   2.750963052640755E-003
 completed iteration          355 , error =   2.721699065229522E-003
 completed iteration          360 , error =   2.693147758635348E-003
 completed iteration          365 , error =   2.665282234082600E-003
 completed iteration          370 , error =   2.638076958559054E-003
 completed iteration          375 , error =   2.611507678148257E-003
 completed iteration          380 , error =   2.585551337930881E-003
 completed iteration          385 , error =   2.560186007879957E-003
 completed iteration          390 , error =   2.535390814228678E-003
 completed iteration          395 , error =   2.511145875843480E-003
 completed iteration          400 , error =   2.487432245178777E-003
 completed iteration          405 , error =   2.464231853430318E-003
 completed iteration          410 , error =   2.441527459542370E-003
 completed iteration          415 , error =   2.419302602752949E-003
 completed iteration          420 , error =   2.397541558393777E-003
 completed iteration          425 , error =   2.376229296685294E-003
 completed iteration          430 , error =   2.355351444291175E-003
 completed iteration          435 , error =   2.334894248418456E-003
 completed iteration          440 , error =   2.314844543267001E-003
 completed iteration          445 , error =   2.295189718650480E-003
 completed iteration          450 , error =   2.275917690625026E-003
 completed iteration          455 , error =   2.257016873977105E-003
 completed iteration          460 , error =   2.238476156433498E-003
 completed iteration          465 , error =   2.220284874468276E-003
 completed iteration          470 , error =   2.202432790592096E-003
 completed iteration          475 , error =   2.184910072018381E-003
 completed iteration          480 , error =   2.167707270608657E-003
 completed iteration          485 , error =   2.150815304009277E-003
 completed iteration          490 , error =   2.134225437895981E-003
 completed iteration          495 , error =   2.117929269251522E-003
 completed iteration          500 , error =   2.101918710606065E-003
 completed iteration          505 , error =   2.086185975176211E-003
 completed iteration          510 , error =   2.070723562842947E-003
 completed iteration          515 , error =   2.055524246913464E-003
 completed iteration          520 , error =   2.040581061615777E-003
 completed iteration          525 , error =   2.025887290279464E-003
 completed iteration          530 , error =   2.011436454158065E-003
 completed iteration          535 , error =   1.997222301853088E-003
 completed iteration          540 , error =   1.983238799301964E-003
 completed iteration          545 , error =   1.969480120294651E-003
 completed iteration          550 , error =   1.955940637486740E-003
 completed iteration          555 , error =   1.942614913878707E-003
 completed iteration          560 , error =   1.929497694733072E-003
 completed iteration          565 , error =   1.916583899903569E-003
 completed iteration          570 , error =   1.903868616551476E-003
 completed iteration          575 , error =   1.891347092226719E-003
 completed iteration          580 , error =   1.879014728292390E-003
 completed iteration          585 , error =   1.866867073672764E-003
 completed iteration          590 , error =   1.854899818906292E-003
 completed iteration          595 , error =   1.843108790486337E-003
 completed iteration          600 , error =   1.831489945473431E-003
 completed iteration          605 , error =   1.820039366363916E-003
 completed iteration          610 , error =   1.808753256200528E-003
 completed iteration          615 , error =   1.797627933911951E-003
 completed iteration          620 , error =   1.786659829868707E-003
 completed iteration          625 , error =   1.775845481643835E-003
 completed iteration          630 , error =   1.765181529966838E-003
 completed iteration          635 , error =   1.754664714861567E-003
 completed iteration          640 , error =   1.744291871957376E-003
 completed iteration          645 , error =   1.734059928965136E-003
 completed iteration          650 , error =   1.723965902309095E-003
 completed iteration          655 , error =   1.714006893906766E-003
 completed iteration          660 , error =   1.704180088089491E-003
 completed iteration          665 , error =   1.694482748655888E-003
 completed iteration          670 , error =   1.684912216052136E-003
 completed iteration          675 , error =   1.675465904672431E-003
 completed iteration          680 , error =   1.666141300273543E-003
 completed iteration          685 , error =   1.656935957498325E-003
 completed iteration          690 , error =   1.647847497502101E-003
 completed iteration          695 , error =   1.638873605677721E-003
 completed iteration          700 , error =   1.630012029473846E-003
 completed iteration          705 , error =   1.621260576302512E-003
 completed iteration          710 , error =   1.612617111531340E-003
 completed iteration          715 , error =   1.604079556556666E-003
 completed iteration          720 , error =   1.595645886953699E-003
 completed iteration          725 , error =   1.587314130699972E-003
 completed iteration          730 , error =   1.579082366468880E-003
 completed iteration          735 , error =   1.570948721990242E-003
 completed iteration          740 , error =   1.562911372474211E-003
 completed iteration          745 , error =   1.554968539096458E-003
 completed iteration          750 , error =   1.547118487541170E-003
 completed iteration          755 , error =   1.539359526599824E-003
 completed iteration          760 , error =   1.531690006822813E-003
 completed iteration          765 , error =   1.524108319222009E-003
 completed iteration          770 , error =   1.516612894021506E-003
 completed iteration          775 , error =   1.509202199455113E-003
 completed iteration          780 , error =   1.501874740607899E-003
 completed iteration          785 , error =   1.494629058300379E-003
 completed iteration          790 , error =   1.487463728013304E-003
 completed iteration          795 , error =   1.480377358851281E-003
 completed iteration          800 , error =   1.473368592543837E-003
 completed iteration          805 , error =   1.466436102482014E-003
 completed iteration          810 , error =   1.459578592789351E-003
 completed iteration          815 , error =   1.452794797425482E-003
 completed iteration          820 , error =   1.446083479321362E-003
 completed iteration          825 , error =   1.439443429544550E-003
 completed iteration          830 , error =   1.432873466493511E-003
 completed iteration          835 , error =   1.426372435119487E-003
 completed iteration          840 , error =   1.419939206175348E-003
 completed iteration          845 , error =   1.413572675489711E-003
 completed iteration          850 , error =   1.407271763265774E-003
 completed iteration          855 , error =   1.401035413403782E-003
 completed iteration          860 , error =   1.394862592846027E-003
 completed iteration          865 , error =   1.388752290943757E-003
 completed iteration          870 , error =   1.382703518845014E-003
 completed iteration          875 , error =   1.376715308902420E-003
 completed iteration          880 , error =   1.370786714100675E-003
 completed iteration          885 , error =   1.364916807502311E-003
 completed iteration          890 , error =   1.359104681711541E-003
 completed iteration          895 , error =   1.353349448355374E-003
 completed iteration          900 , error =   1.347650237581184E-003
 completed iteration          905 , error =   1.342006197570377E-003
 completed iteration          910 , error =   1.336416494067399E-003
 completed iteration          915 , error =   1.330880309923484E-003
 completed iteration          920 , error =   1.325396844654757E-003
 completed iteration          925 , error =   1.319965314014057E-003
 completed iteration          930 , error =   1.314584949575987E-003
 completed iteration          935 , error =   1.309254998334711E-003
 completed iteration          940 , error =   1.303974722314178E-003
 completed iteration          945 , error =   1.298743398190054E-003
 completed iteration          950 , error =   1.293560316923204E-003
 completed iteration          955 , error =   1.288424783404173E-003
 completed iteration          960 , error =   1.283336116108356E-003
 completed iteration          965 , error =   1.278293646761423E-003
 completed iteration          970 , error =   1.273296720014698E-003
 completed iteration          975 , error =   1.268344693130001E-003
 completed iteration          980 , error =   1.263436935673953E-003
 completed iteration          985 , error =   1.258572829221033E-003
 completed iteration          990 , error =   1.253751767065282E-003
 completed iteration          995 , error =   1.248973153940467E-003
 completed iteration         1000 , error =   1.244236405748128E-003
 
 ... finished
 
 After      1000 iterations, error is  0.1244E-02
 Time for   1000 iterations was  0.6715E-01 seconds
 Each individual iteration took  0.6715E-04 seconds
 
 Writing output file ...
  ... finished
 
 CFD completed
 
done
 Scale factor =  10, iterations =   1000, tolerance =   0.000    
 Running CFD on  640 x  640 grid using   20 process(es)
 
 Starting main loop ...
 
 completed iteration            5 , error =   6.814171669425367E-002
 completed iteration           10 , error =   4.011590164614445E-002
 completed iteration           15 , error =   2.949985166139080E-002
 completed iteration           20 , error =   2.373519641222956E-002
 completed iteration           25 , error =   2.005703470117788E-002
 completed iteration           30 , error =   1.748139882345349E-002
 completed iteration           35 , error =   1.556469768506746E-002
 completed iteration           40 , error =   1.407572516828190E-002
 completed iteration           45 , error =   1.288140975086085E-002
 completed iteration           50 , error =   1.189940843374798E-002
 completed iteration           55 , error =   1.107586779785768E-002
 completed iteration           60 , error =   1.037399134299011E-002
 completed iteration           65 , error =   9.767728550574470E-003
 completed iteration           70 , error =   9.238086559506947E-003
 completed iteration           75 , error =   8.770871161861395E-003
 completed iteration           80 , error =   8.355247894201409E-003
 completed iteration           85 , error =   7.982794454787639E-003
 completed iteration           90 , error =   7.646858530065058E-003
 completed iteration           95 , error =   7.342111603482239E-003
 completed iteration          100 , error =   7.064232068727716E-003
 completed iteration          105 , error =   6.809675767119294E-003
 completed iteration          110 , error =   6.575506930592018E-003
 completed iteration          115 , error =   6.359271679558146E-003
 completed iteration          120 , error =   6.158902027751043E-003
 completed iteration          125 , error =   5.972642104904756E-003
 completed iteration          130 , error =   5.798990794077829E-003
 completed iteration          135 , error =   5.636656655974017E-003
 completed iteration          140 , error =   5.484522161556301E-003
 completed iteration          145 , error =   5.341615054627777E-003
 completed iteration          150 , error =   5.207085231751250E-003
 completed iteration          155 , error =   5.080185932082888E-003
 completed iteration          160 , error =   4.960258323557966E-003
 completed iteration          165 , error =   4.846718787434774E-003
 completed iteration          170 , error =   4.739048363039439E-003
 completed iteration          175 , error =   4.636783934248489E-003
 completed iteration          180 , error =   4.539510829724655E-003
 completed iteration          185 , error =   4.446856577909391E-003
 completed iteration          190 , error =   4.358485610814802E-003
 completed iteration          195 , error =   4.274094751747426E-003
 completed iteration          200 , error =   4.193409354164760E-003
 completed iteration          205 , error =   4.116179984060969E-003
 completed iteration          210 , error =   4.042179558209304E-003
 completed iteration          215 , error =   3.971200866444761E-003
 completed iteration          220 , error =   3.903054418866048E-003
 completed iteration          225 , error =   3.837566569052385E-003
 completed iteration          230 , error =   3.774577872657427E-003
 completed iteration          235 , error =   3.713941647465937E-003
 completed iteration          240 , error =   3.655522706491822E-003
 completed iteration          245 , error =   3.599196240205543E-003
 completed iteration          250 , error =   3.544846827697076E-003
 completed iteration          255 , error =   3.492367559657884E-003
 completed iteration          260 , error =   3.441659258624515E-003
 completed iteration          265 , error =   3.392629784060585E-003
 completed iteration          270 , error =   3.345193411643172E-003
 completed iteration          275 , error =   3.299270277620489E-003
 completed iteration          280 , error =   3.254785880376748E-003
 completed iteration          285 , error =   3.211670632411283E-003
 completed iteration          290 , error =   3.169859456849359E-003
 completed iteration          295 , error =   3.129291423377162E-003
 completed iteration          300 , error =   3.089909419153660E-003
 completed iteration          305 , error =   3.051659850820421E-003
 completed iteration          310 , error =   3.014492374214402E-003
 completed iteration          315 , error =   2.978359648809144E-003
 completed iteration          320 , error =   2.943217114269785E-003
 completed iteration          325 , error =   2.909022786819849E-003
 completed iteration          330 , error =   2.875737073389537E-003
 completed iteration          335 , error =   2.843322601749799E-003
 completed iteration          340 , error =   2.811744065041341E-003
 completed iteration          345 , error =   2.780968079288257E-003
 completed iteration          350 , error =   2.750963052640749E-003
 completed iteration          355 , error =   2.721699065229529E-003
 completed iteration          360 , error =   2.693147758635354E-003
 completed iteration          365 , error =   2.665282234082596E-003
 completed iteration          370 , error =   2.638076958559073E-003
 completed iteration          375 , error =   2.611507678148274E-003
 completed iteration          380 , error =   2.585551337930880E-003
 completed iteration          385 , error =   2.560186007879955E-003
 completed iteration          390 , error =   2.535390814228680E-003
 completed iteration          395 , error =   2.511145875843499E-003
 completed iteration          400 , error =   2.487432245178769E-003
 completed iteration          405 , error =   2.464231853430338E-003
 completed iteration          410 , error =   2.441527459542377E-003
 completed iteration          415 , error =   2.419302602752943E-003
 completed iteration          420 , error =   2.397541558393779E-003
 completed iteration          425 , error =   2.376229296685302E-003
 completed iteration          430 , error =   2.355351444291183E-003
 completed iteration          435 , error =   2.334894248418448E-003
 completed iteration          440 , error =   2.314844543267002E-003
 completed iteration          445 , error =   2.295189718650478E-003
 completed iteration          450 , error =   2.275917690625027E-003
 completed iteration          455 , error =   2.257016873977104E-003
 completed iteration          460 , error =   2.238476156433493E-003
 completed iteration          465 , error =   2.220284874468267E-003
 completed iteration          470 , error =   2.202432790592104E-003
 completed iteration          475 , error =   2.184910072018376E-003
 completed iteration          480 , error =   2.167707270608651E-003
 completed iteration          485 , error =   2.150815304009282E-003
 completed iteration          490 , error =   2.134225437895979E-003
 completed iteration          495 , error =   2.117929269251523E-003
 completed iteration          500 , error =   2.101918710606057E-003
 completed iteration          505 , error =   2.086185975176217E-003
 completed iteration          510 , error =   2.070723562842953E-003
 completed iteration          515 , error =   2.055524246913458E-003
 completed iteration          520 , error =   2.040581061615782E-003
 completed iteration          525 , error =   2.025887290279472E-003
 completed iteration          530 , error =   2.011436454158064E-003
 completed iteration          535 , error =   1.997222301853080E-003
 completed iteration          540 , error =   1.983238799301969E-003
 completed iteration          545 , error =   1.969480120294648E-003
 completed iteration          550 , error =   1.955940637486746E-003
 completed iteration          555 , error =   1.942614913878705E-003
 completed iteration          560 , error =   1.929497694733082E-003
 completed iteration          565 , error =   1.916583899903568E-003
 completed iteration          570 , error =   1.903868616551475E-003
 completed iteration          575 , error =   1.891347092226713E-003
 completed iteration          580 , error =   1.879014728292391E-003
 completed iteration          585 , error =   1.866867073672773E-003
 completed iteration          590 , error =   1.854899818906284E-003
 completed iteration          595 , error =   1.843108790486329E-003
 completed iteration          600 , error =   1.831489945473429E-003
 completed iteration          605 , error =   1.820039366363918E-003
 completed iteration          610 , error =   1.808753256200532E-003
 completed iteration          615 , error =   1.797627933911947E-003
 completed iteration          620 , error =   1.786659829868716E-003
 completed iteration          625 , error =   1.775845481643829E-003
 completed iteration          630 , error =   1.765181529966833E-003
 completed iteration          635 , error =   1.754664714861557E-003
 completed iteration          640 , error =   1.744291871957381E-003
 completed iteration          645 , error =   1.734059928965139E-003
 completed iteration          650 , error =   1.723965902309099E-003
 completed iteration          655 , error =   1.714006893906763E-003
 completed iteration          660 , error =   1.704180088089488E-003
 completed iteration          665 , error =   1.694482748655892E-003
 completed iteration          670 , error =   1.684912216052138E-003
 completed iteration          675 , error =   1.675465904672420E-003
 completed iteration          680 , error =   1.666141300273548E-003
 completed iteration          685 , error =   1.656935957498329E-003
 completed iteration          690 , error =   1.647847497502101E-003
 completed iteration          695 , error =   1.638873605677720E-003
 completed iteration          700 , error =   1.630012029473844E-003
 completed iteration          705 , error =   1.621260576302506E-003
 completed iteration          710 , error =   1.612617111531340E-003
 completed iteration          715 , error =   1.604079556556665E-003
 completed iteration          720 , error =   1.595645886953698E-003
 completed iteration          725 , error =   1.587314130699972E-003
 completed iteration          730 , error =   1.579082366468885E-003
 completed iteration          735 , error =   1.570948721990238E-003
 completed iteration          740 , error =   1.562911372474215E-003
 completed iteration          745 , error =   1.554968539096459E-003
 completed iteration          750 , error =   1.547118487541175E-003
 completed iteration          755 , error =   1.539359526599825E-003
 completed iteration          760 , error =   1.531690006822819E-003
 completed iteration          765 , error =   1.524108319222005E-003
 completed iteration          770 , error =   1.516612894021504E-003
 completed iteration          775 , error =   1.509202199455110E-003
 completed iteration          780 , error =   1.501874740607897E-003
 completed iteration          785 , error =   1.494629058300380E-003
 completed iteration          790 , error =   1.487463728013303E-003
 completed iteration          795 , error =   1.480377358851277E-003
 completed iteration          800 , error =   1.473368592543834E-003
 completed iteration          805 , error =   1.466436102482021E-003
 completed iteration          810 , error =   1.459578592789356E-003
 completed iteration          815 , error =   1.452794797425470E-003
 completed iteration          820 , error =   1.446083479321365E-003
 completed iteration          825 , error =   1.439443429544553E-003
 completed iteration          830 , error =   1.432873466493498E-003
 completed iteration          835 , error =   1.426372435119490E-003
 completed iteration          840 , error =   1.419939206175346E-003
 completed iteration          845 , error =   1.413572675489713E-003
 completed iteration          850 , error =   1.407271763265776E-003
 completed iteration          855 , error =   1.401035413403780E-003
 completed iteration          860 , error =   1.394862592846028E-003
 completed iteration          865 , error =   1.388752290943766E-003
 completed iteration          870 , error =   1.382703518845013E-003
 completed iteration          875 , error =   1.376715308902421E-003
 completed iteration          880 , error =   1.370786714100675E-003
 completed iteration          885 , error =   1.364916807502314E-003
 completed iteration          890 , error =   1.359104681711540E-003
 completed iteration          895 , error =   1.353349448355372E-003
 completed iteration          900 , error =   1.347650237581187E-003
 completed iteration          905 , error =   1.342006197570381E-003
 completed iteration          910 , error =   1.336416494067400E-003
 completed iteration          915 , error =   1.330880309923485E-003
 completed iteration          920 , error =   1.325396844654761E-003
 completed iteration          925 , error =   1.319965314014056E-003
 completed iteration          930 , error =   1.314584949575985E-003
 completed iteration          935 , error =   1.309254998334709E-003
 completed iteration          940 , error =   1.303974722314177E-003
 completed iteration          945 , error =   1.298743398190050E-003
 completed iteration          950 , error =   1.293560316923205E-003
 completed iteration          955 , error =   1.288424783404169E-003
 completed iteration          960 , error =   1.283336116108363E-003
 completed iteration          965 , error =   1.278293646761424E-003
 completed iteration          970 , error =   1.273296720014692E-003
 completed iteration          975 , error =   1.268344693130004E-003
 completed iteration          980 , error =   1.263436935673956E-003
 completed iteration          985 , error =   1.258572829221034E-003
 completed iteration          990 , error =   1.253751767065279E-003
 completed iteration          995 , error =   1.248973153940466E-003
 completed iteration         1000 , error =   1.244236405748120E-003
 
 ... finished
 
 After      1000 iterations, error is  0.1244E-02
 Time for   1000 iterations was  0.4963E-01 seconds
 Each individual iteration took  0.4963E-04 seconds
 
 Writing output file ...
  ... finished
 
 CFD completed
 
done
 Scale factor =  10, iterations =   1000, tolerance =   0.000    
 Running CFD on  640 x  640 grid using   40 process(es)
 
 Starting main loop ...
 
 completed iteration            5 , error =   6.814171669425367E-002
 completed iteration           10 , error =   4.011590164614445E-002
 completed iteration           15 , error =   2.949985166139079E-002
 completed iteration           20 , error =   2.373519641222959E-002
 completed iteration           25 , error =   2.005703470117788E-002
 completed iteration           30 , error =   1.748139882345352E-002
 completed iteration           35 , error =   1.556469768506740E-002
 completed iteration           40 , error =   1.407572516828192E-002
 completed iteration           45 , error =   1.288140975086089E-002
 completed iteration           50 , error =   1.189940843374796E-002
 completed iteration           55 , error =   1.107586779785768E-002
 completed iteration           60 , error =   1.037399134299014E-002
 completed iteration           65 , error =   9.767728550574478E-003
 completed iteration           70 , error =   9.238086559506973E-003
 completed iteration           75 , error =   8.770871161861369E-003
 completed iteration           80 , error =   8.355247894201411E-003
 completed iteration           85 , error =   7.982794454787645E-003
 completed iteration           90 , error =   7.646858530065058E-003
 completed iteration           95 , error =   7.342111603482228E-003
 completed iteration          100 , error =   7.064232068727740E-003
 completed iteration          105 , error =   6.809675767119281E-003
 completed iteration          110 , error =   6.575506930592000E-003
 completed iteration          115 , error =   6.359271679558132E-003
 completed iteration          120 , error =   6.158902027751044E-003
 completed iteration          125 , error =   5.972642104904738E-003
 completed iteration          130 , error =   5.798990794077806E-003
 completed iteration          135 , error =   5.636656655974036E-003
 completed iteration          140 , error =   5.484522161556291E-003
 completed iteration          145 , error =   5.341615054627748E-003
 completed iteration          150 , error =   5.207085231751240E-003
 completed iteration          155 , error =   5.080185932082904E-003
 completed iteration          160 , error =   4.960258323557973E-003
 completed iteration          165 , error =   4.846718787434771E-003
 completed iteration          170 , error =   4.739048363039427E-003
 completed iteration          175 , error =   4.636783934248498E-003
 completed iteration          180 , error =   4.539510829724670E-003
 completed iteration          185 , error =   4.446856577909396E-003
 completed iteration          190 , error =   4.358485610814800E-003
 completed iteration          195 , error =   4.274094751747447E-003
 completed iteration          200 , error =   4.193409354164742E-003
 completed iteration          205 , error =   4.116179984060949E-003
 completed iteration          210 , error =   4.042179558209310E-003
 completed iteration          215 , error =   3.971200866444773E-003
 completed iteration          220 , error =   3.903054418866057E-003
 completed iteration          225 , error =   3.837566569052390E-003
 completed iteration          230 , error =   3.774577872657419E-003
 completed iteration          235 , error =   3.713941647465935E-003
 completed iteration          240 , error =   3.655522706491817E-003
 completed iteration          245 , error =   3.599196240205549E-003
 completed iteration          250 , error =   3.544846827697105E-003
 completed iteration          255 , error =   3.492367559657903E-003
 completed iteration          260 , error =   3.441659258624511E-003
 completed iteration          265 , error =   3.392629784060586E-003
 completed iteration          270 , error =   3.345193411643167E-003
 completed iteration          275 , error =   3.299270277620489E-003
 completed iteration          280 , error =   3.254785880376760E-003
 completed iteration          285 , error =   3.211670632411265E-003
 completed iteration          290 , error =   3.169859456849360E-003
 completed iteration          295 , error =   3.129291423377164E-003
 completed iteration          300 , error =   3.089909419153666E-003
 completed iteration          305 , error =   3.051659850820417E-003
 completed iteration          310 , error =   3.014492374214395E-003
 completed iteration          315 , error =   2.978359648809157E-003
 completed iteration          320 , error =   2.943217114269792E-003
 completed iteration          325 , error =   2.909022786819846E-003
 completed iteration          330 , error =   2.875737073389554E-003
 completed iteration          335 , error =   2.843322601749793E-003
 completed iteration          340 , error =   2.811744065041349E-003
 completed iteration          345 , error =   2.780968079288261E-003
 completed iteration          350 , error =   2.750963052640751E-003
 completed iteration          355 , error =   2.721699065229521E-003
 completed iteration          360 , error =   2.693147758635355E-003
 completed iteration          365 , error =   2.665282234082608E-003
 completed iteration          370 , error =   2.638076958559071E-003
 completed iteration          375 , error =   2.611507678148285E-003
 completed iteration          380 , error =   2.585551337930894E-003
 completed iteration          385 , error =   2.560186007879959E-003
 completed iteration          390 , error =   2.535390814228673E-003
 completed iteration          395 , error =   2.511145875843495E-003
 completed iteration          400 , error =   2.487432245178760E-003
 completed iteration          405 , error =   2.464231853430340E-003
 completed iteration          410 , error =   2.441527459542381E-003
 completed iteration          415 , error =   2.419302602752943E-003
 completed iteration          420 , error =   2.397541558393780E-003
 completed iteration          425 , error =   2.376229296685303E-003
 completed iteration          430 , error =   2.355351444291177E-003
 completed iteration          435 , error =   2.334894248418444E-003
 completed iteration          440 , error =   2.314844543267002E-003
 completed iteration          445 , error =   2.295189718650465E-003
 completed iteration          450 , error =   2.275917690625027E-003
 completed iteration          455 , error =   2.257016873977101E-003
 completed iteration          460 , error =   2.238476156433496E-003
 completed iteration          465 , error =   2.220284874468267E-003
 completed iteration          470 , error =   2.202432790592103E-003
 completed iteration          475 , error =   2.184910072018374E-003
 completed iteration          480 , error =   2.167707270608658E-003
 completed iteration          485 , error =   2.150815304009279E-003
 completed iteration          490 , error =   2.134225437895974E-003
 completed iteration          495 , error =   2.117929269251520E-003
 completed iteration          500 , error =   2.101918710606059E-003
 completed iteration          505 , error =   2.086185975176211E-003
 completed iteration          510 , error =   2.070723562842952E-003
 completed iteration          515 , error =   2.055524246913455E-003
 completed iteration          520 , error =   2.040581061615780E-003
 completed iteration          525 , error =   2.025887290279468E-003
 completed iteration          530 , error =   2.011436454158062E-003
 completed iteration          535 , error =   1.997222301853084E-003
 completed iteration          540 , error =   1.983238799301972E-003
 completed iteration          545 , error =   1.969480120294651E-003
 completed iteration          550 , error =   1.955940637486747E-003
 completed iteration          555 , error =   1.942614913878702E-003
 completed iteration          560 , error =   1.929497694733078E-003
 completed iteration          565 , error =   1.916583899903572E-003
 completed iteration          570 , error =   1.903868616551481E-003
 completed iteration          575 , error =   1.891347092226713E-003
 completed iteration          580 , error =   1.879014728292396E-003
 completed iteration          585 , error =   1.866867073672774E-003
 completed iteration          590 , error =   1.854899818906283E-003
 completed iteration          595 , error =   1.843108790486326E-003
 completed iteration          600 , error =   1.831489945473428E-003
 completed iteration          605 , error =   1.820039366363919E-003
 completed iteration          610 , error =   1.808753256200530E-003
 completed iteration          615 , error =   1.797627933911948E-003
 completed iteration          620 , error =   1.786659829868718E-003
 completed iteration          625 , error =   1.775845481643825E-003
 completed iteration          630 , error =   1.765181529966833E-003
 completed iteration          635 , error =   1.754664714861558E-003
 completed iteration          640 , error =   1.744291871957384E-003
 completed iteration          645 , error =   1.734059928965137E-003
 completed iteration          650 , error =   1.723965902309094E-003
 completed iteration          655 , error =   1.714006893906764E-003
 completed iteration          660 , error =   1.704180088089492E-003
 completed iteration          665 , error =   1.694482748655890E-003
 completed iteration          670 , error =   1.684912216052140E-003
 completed iteration          675 , error =   1.675465904672422E-003
 completed iteration          680 , error =   1.666141300273548E-003
 completed iteration          685 , error =   1.656935957498324E-003
 completed iteration          690 , error =   1.647847497502096E-003
 completed iteration          695 , error =   1.638873605677716E-003
 completed iteration          700 , error =   1.630012029473850E-003
 completed iteration          705 , error =   1.621260576302509E-003
 completed iteration          710 , error =   1.612617111531339E-003
 completed iteration          715 , error =   1.604079556556664E-003
 completed iteration          720 , error =   1.595645886953696E-003
 completed iteration          725 , error =   1.587314130699969E-003
 completed iteration          730 , error =   1.579082366468886E-003
 completed iteration          735 , error =   1.570948721990237E-003
 completed iteration          740 , error =   1.562911372474214E-003
 completed iteration          745 , error =   1.554968539096456E-003
 completed iteration          750 , error =   1.547118487541178E-003
 completed iteration          755 , error =   1.539359526599826E-003
 completed iteration          760 , error =   1.531690006822819E-003
 completed iteration          765 , error =   1.524108319222007E-003
 completed iteration          770 , error =   1.516612894021507E-003
 completed iteration          775 , error =   1.509202199455110E-003
 completed iteration          780 , error =   1.501874740607897E-003
 completed iteration          785 , error =   1.494629058300380E-003
 completed iteration          790 , error =   1.487463728013304E-003
 completed iteration          795 , error =   1.480377358851275E-003
 completed iteration          800 , error =   1.473368592543835E-003
 completed iteration          805 , error =   1.466436102482019E-003
 completed iteration          810 , error =   1.459578592789354E-003
 completed iteration          815 , error =   1.452794797425469E-003
 completed iteration          820 , error =   1.446083479321362E-003
 completed iteration          825 , error =   1.439443429544553E-003
 completed iteration          830 , error =   1.432873466493499E-003
 completed iteration          835 , error =   1.426372435119491E-003
 completed iteration          840 , error =   1.419939206175348E-003
 completed iteration          845 , error =   1.413572675489712E-003
 completed iteration          850 , error =   1.407271763265774E-003
 completed iteration          855 , error =   1.401035413403782E-003
 completed iteration          860 , error =   1.394862592846030E-003
 completed iteration          865 , error =   1.388752290943767E-003
 completed iteration          870 , error =   1.382703518845013E-003
 completed iteration          875 , error =   1.376715308902422E-003
 completed iteration          880 , error =   1.370786714100676E-003
 completed iteration          885 , error =   1.364916807502311E-003
 completed iteration          890 , error =   1.359104681711541E-003
 completed iteration          895 , error =   1.353349448355371E-003
 completed iteration          900 , error =   1.347650237581186E-003
 completed iteration          905 , error =   1.342006197570382E-003
 completed iteration          910 , error =   1.336416494067399E-003
 completed iteration          915 , error =   1.330880309923485E-003
 completed iteration          920 , error =   1.325396844654760E-003
 completed iteration          925 , error =   1.319965314014058E-003
 completed iteration          930 , error =   1.314584949575983E-003
 completed iteration          935 , error =   1.309254998334707E-003
 completed iteration          940 , error =   1.303974722314176E-003
 completed iteration          945 , error =   1.298743398190052E-003
 completed iteration          950 , error =   1.293560316923205E-003
 completed iteration          955 , error =   1.288424783404167E-003
 completed iteration          960 , error =   1.283336116108361E-003
 completed iteration          965 , error =   1.278293646761423E-003
 completed iteration          970 , error =   1.273296720014694E-003
 completed iteration          975 , error =   1.268344693130002E-003
 completed iteration          980 , error =   1.263436935673957E-003
 completed iteration          985 , error =   1.258572829221032E-003
 completed iteration          990 , error =   1.253751767065280E-003
 completed iteration          995 , error =   1.248973153940466E-003
 completed iteration         1000 , error =   1.244236405748121E-003
 
 ... finished
 
 After      1000 iterations, error is  0.1244E-02
 Time for   1000 iterations was  0.5042E-01 seconds
 Each individual iteration took  0.5042E-04 seconds
 
 Writing output file ...
  ... finished
 
 CFD completed
 
done
