 
Spack activated with install: /g100_work/cin_staff/lbellen1/spack-0.18.1/install , modules: /g100_work/cin_staff/lbellen1/spack-0.18.1/modules and cache: /g100_work/cin_staff/lbellen1/spack-0.18.1/cache
 
 
 
 
 
 
 
Currently Loaded Modulefiles:
 1) profile/base(default)                                          
 2) profile/candidate                                              
 3) spack/preprod-0.18.1-01                                        
 4) autoload                                                       
 5) cubelib/4.6--intel--2021.6.0-fe6 <aL>                          
 6) cubew/4.6--intel--2021.6.0-pdx <aL>                            
 7) intel-oneapi-mpi/2021.6.0--intel--2021.6.0-mco <aL>            
 8) otf2/2.3--intel--2021.6.0-dcw <aL>                             
 9) scorep/7.0--intel-oneapi-mpi--2021.6.0--intel--2021.6.0-l52    
10) scalasca/2.6--intel-oneapi-mpi--2021.6.0--intel--2021.6.0-txs  
11) intel-oneapi-compilers/2021.4.0(default)                       

Key:
(symbolic-version)  <module-tag>  <aL>=auto-loaded  
scorep --mpp=mpi mpiifort -fpp -O3 -c boundary.f90
scorep --mpp=mpi mpiifort -fpp -O3 -c jacobi.f90
scorep --mpp=mpi mpiifort -fpp -O3 -c cfdio.f90
scorep --mpp=mpi mpiifort -fpp -O3 -c cfd.f90
scorep --mpp=mpi mpiifort -fpp -O3 -o exe boundary.o cfd.o cfdio.o jacobi.o 
S=C=A=N: Scalasca 2.6 runtime summarization
S=C=A=N: ./scorep_exe_20_sum experiment archive
S=C=A=N: Tue Feb 11 14:15:24 2025: Collect start
/opt/slurm/current/bin/srun --cpu-bind=cores --cpus-per-task=1 -n 20 exe 10 10000
 Scale factor =  10, iterations =  10000, tolerance =   0.000    
 Running CFD on  640 x  640 grid using   20 process(es)
 
 Starting main loop ...
 
 completed iteration           10 , error =   4.011590164614445E-002
 completed iteration           20 , error =   2.373519641222956E-002
 completed iteration           30 , error =   1.748139882345349E-002
 completed iteration           40 , error =   1.407572516828190E-002
 completed iteration           50 , error =   1.189940843374798E-002
 completed iteration           60 , error =   1.037399134299011E-002
 completed iteration           70 , error =   9.238086559506947E-003
 completed iteration           80 , error =   8.355247894201409E-003
 completed iteration           90 , error =   7.646858530065058E-003
 completed iteration          100 , error =   7.064232068727716E-003
 completed iteration          110 , error =   6.575506930592018E-003
 completed iteration          120 , error =   6.158902027751043E-003
 completed iteration          130 , error =   5.798990794077829E-003
 completed iteration          140 , error =   5.484522161556301E-003
 completed iteration          150 , error =   5.207085231751250E-003
 completed iteration          160 , error =   4.960258323557966E-003
 completed iteration          170 , error =   4.739048363039439E-003
 completed iteration          180 , error =   4.539510829724655E-003
 completed iteration          190 , error =   4.358485610814802E-003
 completed iteration          200 , error =   4.193409354164760E-003
 completed iteration          210 , error =   4.042179558209304E-003
 completed iteration          220 , error =   3.903054418866048E-003
 completed iteration          230 , error =   3.774577872657427E-003
 completed iteration          240 , error =   3.655522706491822E-003
 completed iteration          250 , error =   3.544846827697076E-003
 completed iteration          260 , error =   3.441659258624515E-003
 completed iteration          270 , error =   3.345193411643172E-003
 completed iteration          280 , error =   3.254785880376748E-003
 completed iteration          290 , error =   3.169859456849359E-003
 completed iteration          300 , error =   3.089909419153660E-003
 completed iteration          310 , error =   3.014492374214402E-003
 completed iteration          320 , error =   2.943217114269785E-003
 completed iteration          330 , error =   2.875737073389537E-003
 completed iteration          340 , error =   2.811744065041341E-003
 completed iteration          350 , error =   2.750963052640749E-003
 completed iteration          360 , error =   2.693147758635354E-003
 completed iteration          370 , error =   2.638076958559073E-003
 completed iteration          380 , error =   2.585551337930880E-003
 completed iteration          390 , error =   2.535390814228680E-003
 completed iteration          400 , error =   2.487432245178769E-003
 completed iteration          410 , error =   2.441527459542377E-003
 completed iteration          420 , error =   2.397541558393779E-003
 completed iteration          430 , error =   2.355351444291183E-003
 completed iteration          440 , error =   2.314844543267002E-003
 completed iteration          450 , error =   2.275917690625027E-003
 completed iteration          460 , error =   2.238476156433493E-003
 completed iteration          470 , error =   2.202432790592104E-003
 completed iteration          480 , error =   2.167707270608651E-003
 completed iteration          490 , error =   2.134225437895979E-003
 completed iteration          500 , error =   2.101918710606057E-003
 completed iteration          510 , error =   2.070723562842953E-003
 completed iteration          520 , error =   2.040581061615782E-003
 completed iteration          530 , error =   2.011436454158064E-003
 completed iteration          540 , error =   1.983238799301969E-003
 completed iteration          550 , error =   1.955940637486746E-003
 completed iteration          560 , error =   1.929497694733082E-003
 completed iteration          570 , error =   1.903868616551475E-003
 completed iteration          580 , error =   1.879014728292391E-003
 completed iteration          590 , error =   1.854899818906284E-003
 completed iteration          600 , error =   1.831489945473429E-003
 completed iteration          610 , error =   1.808753256200532E-003
 completed iteration          620 , error =   1.786659829868716E-003
 completed iteration          630 , error =   1.765181529966833E-003
 completed iteration          640 , error =   1.744291871957381E-003
 completed iteration          650 , error =   1.723965902309099E-003
 completed iteration          660 , error =   1.704180088089488E-003
 completed iteration          670 , error =   1.684912216052138E-003
 completed iteration          680 , error =   1.666141300273548E-003
 completed iteration          690 , error =   1.647847497502101E-003
 completed iteration          700 , error =   1.630012029473844E-003
 completed iteration          710 , error =   1.612617111531340E-003
 completed iteration          720 , error =   1.595645886953698E-003
 completed iteration          730 , error =   1.579082366468885E-003
 completed iteration          740 , error =   1.562911372474215E-003
 completed iteration          750 , error =   1.547118487541175E-003
 completed iteration          760 , error =   1.531690006822819E-003
 completed iteration          770 , error =   1.516612894021504E-003
 completed iteration          780 , error =   1.501874740607897E-003
 completed iteration          790 , error =   1.487463728013303E-003
 completed iteration          800 , error =   1.473368592543834E-003
 completed iteration          810 , error =   1.459578592789356E-003
 completed iteration          820 , error =   1.446083479321365E-003
 completed iteration          830 , error =   1.432873466493498E-003
 completed iteration          840 , error =   1.419939206175346E-003
 completed iteration          850 , error =   1.407271763265776E-003
 completed iteration          860 , error =   1.394862592846028E-003
 completed iteration          870 , error =   1.382703518845013E-003
 completed iteration          880 , error =   1.370786714100675E-003
 completed iteration          890 , error =   1.359104681711540E-003
 completed iteration          900 , error =   1.347650237581187E-003
 completed iteration          910 , error =   1.336416494067400E-003
 completed iteration          920 , error =   1.325396844654761E-003
 completed iteration          930 , error =   1.314584949575985E-003
 completed iteration          940 , error =   1.303974722314177E-003
 completed iteration          950 , error =   1.293560316923205E-003
 completed iteration          960 , error =   1.283336116108363E-003
 completed iteration          970 , error =   1.273296720014692E-003
 completed iteration          980 , error =   1.263436935673956E-003
 completed iteration          990 , error =   1.253751767065279E-003
 completed iteration         1000 , error =   1.244236405748120E-003
 completed iteration         1010 , error =   1.234886222029058E-003
 completed iteration         1020 , error =   1.225696756627386E-003
 completed iteration         1030 , error =   1.216663712806235E-003
 completed iteration         1040 , error =   1.207782948939644E-003
 completed iteration         1050 , error =   1.199050471486895E-003
 completed iteration         1060 , error =   1.190462428348461E-003
 completed iteration         1070 , error =   1.182015102579633E-003
 completed iteration         1080 , error =   1.173704906438933E-003
 completed iteration         1090 , error =   1.165528375751047E-003
 completed iteration         1100 , error =   1.157482164564736E-003
 completed iteration         1110 , error =   1.149563040087788E-003
 completed iteration         1120 , error =   1.141767877882236E-003
 completed iteration         1130 , error =   1.134093657304487E-003
 completed iteration         1140 , error =   1.126537457175545E-003
 completed iteration         1150 , error =   1.119096451668105E-003
 completed iteration         1160 , error =   1.111767906397667E-003
 completed iteration         1170 , error =   1.104549174705970E-003
 completed iteration         1180 , error =   1.097437694125748E-003
 completed iteration         1190 , error =   1.090430983016520E-003
 completed iteration         1200 , error =   1.083526637361698E-003
 completed iteration         1210 , error =   1.076722327718086E-003
 completed iteration         1220 , error =   1.070015796309323E-003
 completed iteration         1230 , error =   1.063404854255362E-003
 completed iteration         1240 , error =   1.056887378930497E-003
 completed iteration         1250 , error =   1.050461311443086E-003
 completed iteration         1260 , error =   1.044124654230423E-003
 completed iteration         1270 , error =   1.037875468762588E-003
 completed iteration         1280 , error =   1.031711873349576E-003
 completed iteration         1290 , error =   1.025632041046278E-003
 completed iteration         1300 , error =   1.019634197650131E-003
 completed iteration         1310 , error =   1.013716619786921E-003
 completed iteration         1320 , error =   1.007877633079884E-003
 completed iteration         1330 , error =   1.002115610398139E-003
 completed iteration         1340 , error =   9.964289701803685E-004
 completed iteration         1350 , error =   9.908161748298826E-004
 completed iteration         1360 , error =   9.852757291776773E-004
 completed iteration         1370 , error =   9.798061790100704E-004
 completed iteration         1380 , error =   9.744061096577114E-004
 completed iteration         1390 , error =   9.690741446430422E-004
 completed iteration         1400 , error =   9.638089443833414E-004
 completed iteration         1410 , error =   9.586092049467275E-004
 completed iteration         1420 , error =   9.534736568585945E-004
 completed iteration         1430 , error =   9.484010639560772E-004
 completed iteration         1440 , error =   9.433902222882980E-004
 completed iteration         1450 , error =   9.384399590602446E-004
 completed iteration         1460 , error =   9.335491316183738E-004
 completed iteration         1470 , error =   9.287166264758071E-004
 completed iteration         1480 , error =   9.239413583755341E-004
 completed iteration         1490 , error =   9.192222693897545E-004
 completed iteration         1500 , error =   9.145583280537860E-004
 completed iteration         1510 , error =   9.099485285330060E-004
 completed iteration         1520 , error =   9.053918898212918E-004
 completed iteration         1530 , error =   9.008874549696897E-004
 completed iteration         1540 , error =   8.964342903438009E-004
 completed iteration         1550 , error =   8.920314849088603E-004
 completed iteration         1560 , error =   8.876781495410976E-004
 completed iteration         1570 , error =   8.833734163644029E-004
 completed iteration         1580 , error =   8.791164381111315E-004
 completed iteration         1590 , error =   8.749063875060432E-004
 completed iteration         1600 , error =   8.707424566723911E-004
 completed iteration         1610 , error =   8.666238565593047E-004
 completed iteration         1620 , error =   8.625498163894026E-004
 completed iteration         1630 , error =   8.585195831260295E-004
 completed iteration         1640 , error =   8.545324209590911E-004
 completed iteration         1650 , error =   8.505876108089066E-004
 completed iteration         1660 , error =   8.466844498471784E-004
 completed iteration         1670 , error =   8.428222510345509E-004
 completed iteration         1680 , error =   8.390003426739460E-004
 completed iteration         1690 , error =   8.352180679791473E-004
 completed iteration         1700 , error =   8.314747846579711E-004
 completed iteration         1710 , error =   8.277698645094858E-004
 completed iteration         1720 , error =   8.241026930346766E-004
 completed iteration         1730 , error =   8.204726690600879E-004
 completed iteration         1740 , error =   8.168792043738891E-004
 completed iteration         1750 , error =   8.133217233739458E-004
 completed iteration         1760 , error =   8.097996627273607E-004
 completed iteration         1770 , error =   8.063124710410918E-004
 completed iteration         1780 , error =   8.028596085432388E-004
 completed iteration         1790 , error =   7.994405467745511E-004
 completed iteration         1800 , error =   7.960547682898068E-004
 completed iteration         1810 , error =   7.927017663687032E-004
 completed iteration         1820 , error =   7.893810447358482E-004
 completed iteration         1830 , error =   7.860921172895968E-004
 completed iteration         1840 , error =   7.828345078393495E-004
 completed iteration         1850 , error =   7.796077498510051E-004
 completed iteration         1860 , error =   7.764113862003346E-004
 completed iteration         1870 , error =   7.732449689338871E-004
 completed iteration         1880 , error =   7.701080590372632E-004
 completed iteration         1890 , error =   7.670002262104080E-004
 completed iteration         1900 , error =   7.639210486497189E-004
 completed iteration         1910 , error =   7.608701128367328E-004
 completed iteration         1920 , error =   7.578470133331220E-004
 completed iteration         1930 , error =   7.548513525818165E-004
 completed iteration         1940 , error =   7.518827407140172E-004
 completed iteration         1950 , error =   7.489407953619134E-004
 completed iteration         1960 , error =   7.460251414768797E-004
 completed iteration         1970 , error =   7.431354111529951E-004
 completed iteration         1980 , error =   7.402712434557021E-004
 completed iteration         1990 , error =   7.374322842553752E-004
 completed iteration         2000 , error =   7.346181860657300E-004
 completed iteration         2010 , error =   7.318286078868337E-004
 completed iteration         2020 , error =   7.290632150525630E-004
 completed iteration         2030 , error =   7.263216790824380E-004
 completed iteration         2040 , error =   7.236036775375703E-004
 completed iteration         2050 , error =   7.209088938807234E-004
 completed iteration         2060 , error =   7.182370173402105E-004
 completed iteration         2070 , error =   7.155877427776360E-004
 completed iteration         2080 , error =   7.129607705592382E-004
 completed iteration         2090 , error =   7.103558064308207E-004
 completed iteration         2100 , error =   7.077725613960890E-004
 completed iteration         2110 , error =   7.052107515982936E-004
 completed iteration         2120 , error =   7.026700982051088E-004
 completed iteration         2130 , error =   7.001503272965869E-004
 completed iteration         2140 , error =   6.976511697561662E-004
 completed iteration         2150 , error =   6.951723611645464E-004
 completed iteration         2160 , error =   6.927136416964399E-004
 completed iteration         2170 , error =   6.902747560200104E-004
 completed iteration         2180 , error =   6.878554531990108E-004
 completed iteration         2190 , error =   6.854554865974474E-004
 completed iteration         2200 , error =   6.830746137867705E-004
 completed iteration         2210 , error =   6.807125964554612E-004
 completed iteration         2220 , error =   6.783692003209659E-004
 completed iteration         2230 , error =   6.760441950439081E-004
 completed iteration         2240 , error =   6.737373541444848E-004
 completed iteration         2250 , error =   6.714484549210101E-004
 completed iteration         2260 , error =   6.691772783705504E-004
 completed iteration         2270 , error =   6.669236091115296E-004
 completed iteration         2280 , error =   6.646872353083112E-004
 completed iteration         2290 , error =   6.624679485976849E-004
 completed iteration         2300 , error =   6.602655440171632E-004
 completed iteration         2310 , error =   6.580798199350791E-004
 completed iteration         2320 , error =   6.559105779824075E-004
 completed iteration         2330 , error =   6.537576229862887E-004
 completed iteration         2340 , error =   6.516207629051616E-004
 completed iteration         2350 , error =   6.494998087654867E-004
 completed iteration         2360 , error =   6.473945746000290E-004
 completed iteration         2370 , error =   6.453048773876243E-004
 completed iteration         2380 , error =   6.432305369943874E-004
 completed iteration         2390 , error =   6.411713761163699E-004
 completed iteration         2400 , error =   6.391272202235564E-004
 completed iteration         2410 , error =   6.370978975052151E-004
 completed iteration         2420 , error =   6.350832388165430E-004
 completed iteration         2430 , error =   6.330830776265693E-004
 completed iteration         2440 , error =   6.310972499672907E-004
 completed iteration         2450 , error =   6.291255943839972E-004
 completed iteration         2460 , error =   6.271679518867620E-004
 completed iteration         2470 , error =   6.252241659030560E-004
 completed iteration         2480 , error =   6.232940822314669E-004
 completed iteration         2490 , error =   6.213775489964741E-004
 completed iteration         2500 , error =   6.194744166042711E-004
 completed iteration         2510 , error =   6.175845376996149E-004
 completed iteration         2520 , error =   6.157077671236261E-004
 completed iteration         2530 , error =   6.138439618725752E-004
 completed iteration         2540 , error =   6.119929810575888E-004
 completed iteration         2550 , error =   6.101546858652718E-004
 completed iteration         2560 , error =   6.083289395192006E-004
 completed iteration         2570 , error =   6.065156072422932E-004
 completed iteration         2580 , error =   6.047145562200126E-004
 completed iteration         2590 , error =   6.029256555643617E-004
 completed iteration         2600 , error =   6.011487762787374E-004
 completed iteration         2610 , error =   5.993837912234719E-004
 completed iteration         2620 , error =   5.976305750822114E-004
 completed iteration         2630 , error =   5.958890043289643E-004
 completed iteration         2640 , error =   5.941589571959195E-004
 completed iteration         2650 , error =   5.924403136419287E-004
 completed iteration         2660 , error =   5.907329553216740E-004
 completed iteration         2670 , error =   5.890367655555076E-004
 completed iteration         2680 , error =   5.873516292999433E-004
 completed iteration         2690 , error =   5.856774331187577E-004
 completed iteration         2700 , error =   5.840140651547272E-004
 completed iteration         2710 , error =   5.823614151019526E-004
 completed iteration         2720 , error =   5.807193741787646E-004
 completed iteration         2730 , error =   5.790878351012232E-004
 completed iteration         2740 , error =   5.774666920571337E-004
 completed iteration         2750 , error =   5.758558406806500E-004
 completed iteration         2760 , error =   5.742551780273603E-004
 completed iteration         2770 , error =   5.726646025499397E-004
 completed iteration         2780 , error =   5.710840140742569E-004
 completed iteration         2790 , error =   5.695133137760119E-004
 completed iteration         2800 , error =   5.679524041578227E-004
 completed iteration         2810 , error =   5.664011890268083E-004
 completed iteration         2820 , error =   5.648595734726051E-004
 completed iteration         2830 , error =   5.633274638458428E-004
 completed iteration         2840 , error =   5.618047677370512E-004
 completed iteration         2850 , error =   5.602913939559957E-004
 completed iteration         2860 , error =   5.587872525114170E-004
 completed iteration         2870 , error =   5.572922545912033E-004
 completed iteration         2880 , error =   5.558063125429096E-004
 completed iteration         2890 , error =   5.543293398547234E-004
 completed iteration         2900 , error =   5.528612511367620E-004
 completed iteration         2910 , error =   5.514019621027575E-004
 completed iteration         2920 , error =   5.499513895521005E-004
 completed iteration         2930 , error =   5.485094513522318E-004
 completed iteration         2940 , error =   5.470760664213932E-004
 completed iteration         2950 , error =   5.456511547116849E-004
 completed iteration         2960 , error =   5.442346371924813E-004
 completed iteration         2970 , error =   5.428264358341520E-004
 completed iteration         2980 , error =   5.414264735920972E-004
 completed iteration         2990 , error =   5.400346743910994E-004
 completed iteration         3000 , error =   5.386509631099590E-004
 completed iteration         3010 , error =   5.372752655664392E-004
 completed iteration         3020 , error =   5.359075085024913E-004
 completed iteration         3030 , error =   5.345476195697450E-004
 completed iteration         3040 , error =   5.331955273153077E-004
 completed iteration         3050 , error =   5.318511611677950E-004
 completed iteration         3060 , error =   5.305144514236427E-004
 completed iteration         3070 , error =   5.291853292336775E-004
 completed iteration         3080 , error =   5.278637265899159E-004
 completed iteration         3090 , error =   5.265495763126482E-004
 completed iteration         3100 , error =   5.252428120377142E-004
 completed iteration         3110 , error =   5.239433682040498E-004
 completed iteration         3120 , error =   5.226511800414539E-004
 completed iteration         3130 , error =   5.213661835585628E-004
 completed iteration         3140 , error =   5.200883155310833E-004
 completed iteration         3150 , error =   5.188175134901826E-004
 completed iteration         3160 , error =   5.175537157111486E-004
 completed iteration         3170 , error =   5.162968612022220E-004
 completed iteration         3180 , error =   5.150468896936325E-004
 completed iteration         3190 , error =   5.138037416268423E-004
 completed iteration         3200 , error =   5.125673581439775E-004
 completed iteration         3210 , error =   5.113376810774484E-004
 completed iteration         3220 , error =   5.101146529397546E-004
 completed iteration         3230 , error =   5.088982169134754E-004
 completed iteration         3240 , error =   5.076883168414334E-004
 completed iteration         3250 , error =   5.064848972170245E-004
 completed iteration         3260 , error =   5.052879031747516E-004
 completed iteration         3270 , error =   5.040972804808755E-004
 completed iteration         3280 , error =   5.029129755242585E-004
 completed iteration         3290 , error =   5.017349353073781E-004
 completed iteration         3300 , error =   5.005631074374643E-004
 completed iteration         3310 , error =   4.993974401178214E-004
 completed iteration         3320 , error =   4.982378821392888E-004
 completed iteration         3330 , error =   4.970843828718348E-004
 completed iteration         3340 , error =   4.959368922563285E-004
 completed iteration         3350 , error =   4.947953607964061E-004
 completed iteration         3360 , error =   4.936597395505342E-004
 completed iteration         3370 , error =   4.925299801241446E-004
 completed iteration         3380 , error =   4.914060346619640E-004
 completed iteration         3390 , error =   4.902878558404277E-004
 completed iteration         3400 , error =   4.891753968602445E-004
 completed iteration         3410 , error =   4.880686114390812E-004
 completed iteration         3420 , error =   4.869674538043599E-004
 completed iteration         3430 , error =   4.858718786862138E-004
 completed iteration         3440 , error =   4.847818413104978E-004
 completed iteration         3450 , error =   4.836972973919711E-004
 completed iteration         3460 , error =   4.826182031275762E-004
 completed iteration         3470 , error =   4.815445151898088E-004
 completed iteration         3480 , error =   4.804761907202324E-004
 completed iteration         3490 , error =   4.794131873230600E-004
 completed iteration         3500 , error =   4.783554630588902E-004
 completed iteration         3510 , error =   4.773029764384952E-004
 completed iteration         3520 , error =   4.762556864167354E-004
 completed iteration         3530 , error =   4.752135523865879E-004
 completed iteration         3540 , error =   4.741765341732377E-004
 completed iteration         3550 , error =   4.731445920282859E-004
 completed iteration         3560 , error =   4.721176866240490E-004
 completed iteration         3570 , error =   4.710957790479585E-004
 completed iteration         3580 , error =   4.700788307970158E-004
 completed iteration         3590 , error =   4.690668037723815E-004
 completed iteration         3600 , error =   4.680596602740265E-004
 completed iteration         3610 , error =   4.670573629954638E-004
 completed iteration         3620 , error =   4.660598750185788E-004
 completed iteration         3630 , error =   4.650671598085295E-004
 completed iteration         3640 , error =   4.640791812087369E-004
 completed iteration         3650 , error =   4.630959034359520E-004
 completed iteration         3660 , error =   4.621172910753857E-004
 completed iteration         3670 , error =   4.611433090759393E-004
 completed iteration         3680 , error =   4.601739227455010E-004
 completed iteration         3690 , error =   4.592090977462890E-004
 completed iteration         3700 , error =   4.582488000903199E-004
 completed iteration         3710 , error =   4.572929961349026E-004
 completed iteration         3720 , error =   4.563416525782085E-004
 completed iteration         3730 , error =   4.553947364549367E-004
 completed iteration         3740 , error =   4.544522151320183E-004
 completed iteration         3750 , error =   4.535140563043945E-004
 completed iteration         3760 , error =   4.525802279908601E-004
 completed iteration         3770 , error =   4.516506985299727E-004
 completed iteration         3780 , error =   4.507254365760335E-004
 completed iteration         3790 , error =   4.498044110950911E-004
 completed iteration         3800 , error =   4.488875913610578E-004
 completed iteration         3810 , error =   4.479749469518527E-004
 completed iteration         3820 , error =   4.470664477455964E-004
 completed iteration         3830 , error =   4.461620639168983E-004
 completed iteration         3840 , error =   4.452617659331558E-004
 completed iteration         3850 , error =   4.443655245509455E-004
 completed iteration         3860 , error =   4.434733108124396E-004
 completed iteration         3870 , error =   4.425850960419106E-004
 completed iteration         3880 , error =   4.417008518422327E-004
 completed iteration         3890 , error =   4.408205500915067E-004
 completed iteration         3900 , error =   4.399441629396565E-004
 completed iteration         3910 , error =   4.390716628051478E-004
 completed iteration         3920 , error =   4.382030223717111E-004
 completed iteration         3930 , error =   4.373382145851158E-004
 completed iteration         3940 , error =   4.364772126500180E-004
 completed iteration         3950 , error =   4.356199900268073E-004
 completed iteration         3960 , error =   4.347665204285660E-004
 completed iteration         3970 , error =   4.339167778180067E-004
 completed iteration         3980 , error =   4.330707364044853E-004
 completed iteration         3990 , error =   4.322283706410640E-004
 completed iteration         4000 , error =   4.313896552215980E-004
 completed iteration         4010 , error =   4.305545650778739E-004
 completed iteration         4020 , error =   4.297230753767907E-004
 completed iteration         4030 , error =   4.288951615175745E-004
 completed iteration         4040 , error =   4.280707991290412E-004
 completed iteration         4050 , error =   4.272499640668815E-004
 completed iteration         4060 , error =   4.264326324110095E-004
 completed iteration         4070 , error =   4.256187804629251E-004
 completed iteration         4080 , error =   4.248083847431333E-004
 completed iteration         4090 , error =   4.240014219885809E-004
 completed iteration         4100 , error =   4.231978691501466E-004
 completed iteration         4110 , error =   4.223977033901518E-004
 completed iteration         4120 , error =   4.216009020799153E-004
 completed iteration         4130 , error =   4.208074427973451E-004
 completed iteration         4140 , error =   4.200173033245439E-004
 completed iteration         4150 , error =   4.192304616454786E-004
 completed iteration         4160 , error =   4.184468959436486E-004
 completed iteration         4170 , error =   4.176665845998281E-004
 completed iteration         4180 , error =   4.168895061897761E-004
 completed iteration         4190 , error =   4.161156394820588E-004
 completed iteration         4200 , error =   4.153449634358305E-004
 completed iteration         4210 , error =   4.145774571986792E-004
 completed iteration         4220 , error =   4.138131001045069E-004
 completed iteration         4230 , error =   4.130518716714166E-004
 completed iteration         4240 , error =   4.122937515996430E-004
 completed iteration         4250 , error =   4.115387197695072E-004
 completed iteration         4260 , error =   4.107867562394021E-004
 completed iteration         4270 , error =   4.100378412438028E-004
 completed iteration         4280 , error =   4.092919551912954E-004
 completed iteration         4290 , error =   4.085490786626461E-004
 completed iteration         4300 , error =   4.078091924088945E-004
 completed iteration         4310 , error =   4.070722773494606E-004
 completed iteration         4320 , error =   4.063383145702879E-004
 completed iteration         4330 , error =   4.056072853220102E-004
 completed iteration         4340 , error =   4.048791710181283E-004
 completed iteration         4350 , error =   4.041539532332441E-004
 completed iteration         4360 , error =   4.034316137012808E-004
 completed iteration         4370 , error =   4.027121343137451E-004
 completed iteration         4380 , error =   4.019954971180121E-004
 completed iteration         4390 , error =   4.012816843156402E-004
 completed iteration         4400 , error =   4.005706782606702E-004
 completed iteration         4410 , error =   3.998624614580095E-004
 completed iteration         4420 , error =   3.991570165617747E-004
 completed iteration         4430 , error =   3.984543263737018E-004
 completed iteration         4440 , error =   3.977543738415511E-004
 completed iteration         4450 , error =   3.970571420575440E-004
 completed iteration         4460 , error =   3.963626142568057E-004
 completed iteration         4470 , error =   3.956707738158574E-004
 completed iteration         4480 , error =   3.949816042510931E-004
 completed iteration         4490 , error =   3.942950892173008E-004
 completed iteration         4500 , error =   3.936112125061904E-004
 completed iteration         4510 , error =   3.929299580449543E-004
 completed iteration         4520 , error =   3.922513098948113E-004
 completed iteration         4530 , error =   3.915752522496220E-004
 completed iteration         4540 , error =   3.909017694344794E-004
 completed iteration         4550 , error =   3.902308459043369E-004
 completed iteration         4560 , error =   3.895624662426331E-004
 completed iteration         4570 , error =   3.888966151599749E-004
 completed iteration         4580 , error =   3.882332774927959E-004
 completed iteration         4590 , error =   3.875724382020362E-004
 completed iteration         4600 , error =   3.869140823718842E-004
 completed iteration         4610 , error =   3.862581952084589E-004
 completed iteration         4620 , error =   3.856047620385854E-004
 completed iteration         4630 , error =   3.849537683085227E-004
 completed iteration         4640 , error =   3.843051995827441E-004
 completed iteration         4650 , error =   3.836590415427386E-004
 completed iteration         4660 , error =   3.830152799857763E-004
 completed iteration         4670 , error =   3.823739008237631E-004
 completed iteration         4680 , error =   3.817348900820406E-004
 completed iteration         4690 , error =   3.810982338982462E-004
 completed iteration         4700 , error =   3.804639185211695E-004
 completed iteration         4710 , error =   3.798319303096260E-004
 completed iteration         4720 , error =   3.792022557313421E-004
 completed iteration         4730 , error =   3.785748813618418E-004
 completed iteration         4740 , error =   3.779497938833888E-004
 completed iteration         4750 , error =   3.773269800838932E-004
 completed iteration         4760 , error =   3.767064268558475E-004
 completed iteration         4770 , error =   3.760881211952998E-004
 completed iteration         4780 , error =   3.754720502007960E-004
 completed iteration         4790 , error =   3.748582010723725E-004
 completed iteration         4800 , error =   3.742465611105446E-004
 completed iteration         4810 , error =   3.736371177152944E-004
 completed iteration         4820 , error =   3.730298583851068E-004
 completed iteration         4830 , error =   3.724247707159800E-004
 completed iteration         4840 , error =   3.718218424004601E-004
 completed iteration         4850 , error =   3.712210612267114E-004
 completed iteration         4860 , error =   3.706224150775488E-004
 completed iteration         4870 , error =   3.700258919295332E-004
 completed iteration         4880 , error =   3.694314798520332E-004
 completed iteration         4890 , error =   3.688391670063330E-004
 completed iteration         4900 , error =   3.682489416447308E-004
 completed iteration         4910 , error =   3.676607921096544E-004
 completed iteration         4920 , error =   3.670747068327790E-004
 completed iteration         4930 , error =   3.664906743341753E-004
 completed iteration         4940 , error =   3.659086832214418E-004
 completed iteration         4950 , error =   3.653287221888723E-004
 completed iteration         4960 , error =   3.647507800166076E-004
 completed iteration         4970 , error =   3.641748455698163E-004
 completed iteration         4980 , error =   3.636009077978803E-004
 completed iteration         4990 , error =   3.630289557335900E-004
 completed iteration         5000 , error =   3.624589784923449E-004
 completed iteration         5010 , error =   3.618909652713530E-004
 completed iteration         5020 , error =   3.613249053488796E-004
 completed iteration         5030 , error =   3.607607880834518E-004
 completed iteration         5040 , error =   3.601986029131149E-004
 completed iteration         5050 , error =   3.596383393546607E-004
 completed iteration         5060 , error =   3.590799870029107E-004
 completed iteration         5070 , error =   3.585235355299518E-004
 completed iteration         5080 , error =   3.579689746844325E-004
 completed iteration         5090 , error =   3.574162942908272E-004
 completed iteration         5100 , error =   3.568654842487411E-004
 completed iteration         5110 , error =   3.563165345321931E-004
 completed iteration         5120 , error =   3.557694351889316E-004
 completed iteration         5130 , error =   3.552241763397430E-004
 completed iteration         5140 , error =   3.546807481777710E-004
 completed iteration         5150 , error =   3.541391409678502E-004
 completed iteration         5160 , error =   3.535993450458410E-004
 completed iteration         5170 , error =   3.530613508179674E-004
 completed iteration         5180 , error =   3.525251487601767E-004
 completed iteration         5190 , error =   3.519907294174862E-004
 completed iteration         5200 , error =   3.514580834033629E-004
 completed iteration         5210 , error =   3.509272013990821E-004
 completed iteration         5220 , error =   3.503980741531154E-004
 completed iteration         5230 , error =   3.498706924805119E-004
 completed iteration         5240 , error =   3.493450472622925E-004
 completed iteration         5250 , error =   3.488211294448442E-004
 completed iteration         5260 , error =   3.482989300393441E-004
 completed iteration         5270 , error =   3.477784401211530E-004
 completed iteration         5280 , error =   3.472596508292320E-004
 completed iteration         5290 , error =   3.467425533655879E-004
 completed iteration         5300 , error =   3.462271389946885E-004
 completed iteration         5310 , error =   3.457133990429044E-004
 completed iteration         5320 , error =   3.452013248979579E-004
 completed iteration         5330 , error =   3.446909080083646E-004
 completed iteration         5340 , error =   3.441821398828937E-004
 completed iteration         5350 , error =   3.436750120900293E-004
 completed iteration         5360 , error =   3.431695162574384E-004
 completed iteration         5370 , error =   3.426656440714470E-004
 completed iteration         5380 , error =   3.421633872765139E-004
 completed iteration         5390 , error =   3.416627376747140E-004
 completed iteration         5400 , error =   3.411636871252335E-004
 completed iteration         5410 , error =   3.406662275438627E-004
 completed iteration         5420 , error =   3.401703509025019E-004
 completed iteration         5430 , error =   3.396760492286617E-004
 completed iteration         5440 , error =   3.391833146049668E-004
 completed iteration         5450 , error =   3.386921391686974E-004
 completed iteration         5460 , error =   3.382025151112863E-004
 completed iteration         5470 , error =   3.377144346778488E-004
 completed iteration         5480 , error =   3.372278901667361E-004
 completed iteration         5490 , error =   3.367428739290427E-004
 completed iteration         5500 , error =   3.362593783681651E-004
 completed iteration         5510 , error =   3.357773959393516E-004
 completed iteration         5520 , error =   3.352969191492388E-004
 completed iteration         5530 , error =   3.348179405554154E-004
 completed iteration         5540 , error =   3.343404527659856E-004
 completed iteration         5550 , error =   3.338644484391352E-004
 completed iteration         5560 , error =   3.333899202826823E-004
 completed iteration         5570 , error =   3.329168610536817E-004
 completed iteration         5580 , error =   3.324452635579785E-004
 completed iteration         5590 , error =   3.319751206498048E-004
 completed iteration         5600 , error =   3.315064252313592E-004
 completed iteration         5610 , error =   3.310391702524021E-004
 completed iteration         5620 , error =   3.305733487098496E-004
 completed iteration         5630 , error =   3.301089536473724E-004
 completed iteration         5640 , error =   3.296459781550090E-004
 completed iteration         5650 , error =   3.291844153687522E-004
 completed iteration         5660 , error =   3.287242584701904E-004
 completed iteration         5670 , error =   3.282655006860905E-004
 completed iteration         5680 , error =   3.278081352880505E-004
 completed iteration         5690 , error =   3.273521555920954E-004
 completed iteration         5700 , error =   3.268975549583230E-004
 completed iteration         5710 , error =   3.264443267905270E-004
 completed iteration         5720 , error =   3.259924645358336E-004
 completed iteration         5730 , error =   3.255419616843402E-004
 completed iteration         5740 , error =   3.250928117687585E-004
 completed iteration         5750 , error =   3.246450083640579E-004
 completed iteration         5760 , error =   3.241985450871188E-004
 completed iteration         5770 , error =   3.237534155963839E-004
 completed iteration         5780 , error =   3.233096135915064E-004
 completed iteration         5790 , error =   3.228671328130282E-004
 completed iteration         5800 , error =   3.224259670420261E-004
 completed iteration         5810 , error =   3.219861100997852E-004
 completed iteration         5820 , error =   3.215475558474707E-004
 completed iteration         5830 , error =   3.211102981857965E-004
 completed iteration         5840 , error =   3.206743310547062E-004
 completed iteration         5850 , error =   3.202396484330473E-004
 completed iteration         5860 , error =   3.198062443382590E-004
 completed iteration         5870 , error =   3.193741128260528E-004
 completed iteration         5880 , error =   3.189432479901154E-004
 completed iteration         5890 , error =   3.185136439617740E-004
 completed iteration         5900 , error =   3.180852949097228E-004
 completed iteration         5910 , error =   3.176581950396961E-004
 completed iteration         5920 , error =   3.172323385941812E-004
 completed iteration         5930 , error =   3.168077198521231E-004
 completed iteration         5940 , error =   3.163843331286278E-004
 completed iteration         5950 , error =   3.159621727746682E-004
 completed iteration         5960 , error =   3.155412331768041E-004
 completed iteration         5970 , error =   3.151215087568971E-004
 completed iteration         5980 , error =   3.147029939718199E-004
 completed iteration         5990 , error =   3.142856833131850E-004
 completed iteration         6000 , error =   3.138695713070711E-004
 completed iteration         6010 , error =   3.134546525137350E-004
 completed iteration         6020 , error =   3.130409215273578E-004
 completed iteration         6030 , error =   3.126283729757650E-004
 completed iteration         6040 , error =   3.122170015201598E-004
 completed iteration         6050 , error =   3.118068018548670E-004
 completed iteration         6060 , error =   3.113977687070687E-004
 completed iteration         6070 , error =   3.109898968365412E-004
 completed iteration         6080 , error =   3.105831810354102E-004
 completed iteration         6090 , error =   3.101776161278804E-004
 completed iteration         6100 , error =   3.097731969699968E-004
 completed iteration         6110 , error =   3.093699184493977E-004
 completed iteration         6120 , error =   3.089677754850600E-004
 completed iteration         6130 , error =   3.085667630270529E-004
 completed iteration         6140 , error =   3.081668760563088E-004
 completed iteration         6150 , error =   3.077681095843751E-004
 completed iteration         6160 , error =   3.073704586531717E-004
 completed iteration         6170 , error =   3.069739183347666E-004
 completed iteration         6180 , error =   3.065784837311415E-004
 completed iteration         6190 , error =   3.061841499739525E-004
 completed iteration         6200 , error =   3.057909122243096E-004
 completed iteration         6210 , error =   3.053987656725464E-004
 completed iteration         6220 , error =   3.050077055379977E-004
 completed iteration         6230 , error =   3.046177270687793E-004
 completed iteration         6240 , error =   3.042288255415563E-004
 completed iteration         6250 , error =   3.038409962613453E-004
 completed iteration         6260 , error =   3.034542345612766E-004
 completed iteration         6270 , error =   3.030685358023954E-004
 completed iteration         6280 , error =   3.026838953734399E-004
 completed iteration         6290 , error =   3.023003086906422E-004
 completed iteration         6300 , error =   3.019177711975046E-004
 completed iteration         6310 , error =   3.015362783646101E-004
 completed iteration         6320 , error =   3.011558256894002E-004
 completed iteration         6330 , error =   3.007764086959927E-004
 completed iteration         6340 , error =   3.003980229349579E-004
 completed iteration         6350 , error =   3.000206639831376E-004
 completed iteration         6360 , error =   2.996443274434478E-004
 completed iteration         6370 , error =   2.992690089446624E-004
 completed iteration         6380 , error =   2.988947041412477E-004
 completed iteration         6390 , error =   2.985214087131501E-004
 completed iteration         6400 , error =   2.981491183656197E-004
 completed iteration         6410 , error =   2.977778288290046E-004
 completed iteration         6420 , error =   2.974075358585922E-004
 completed iteration         6430 , error =   2.970382352343914E-004
 completed iteration         6440 , error =   2.966699227609692E-004
 completed iteration         6450 , error =   2.963025942672702E-004
 completed iteration         6460 , error =   2.959362456064274E-004
 completed iteration         6470 , error =   2.955708726555847E-004
 completed iteration         6480 , error =   2.952064713157289E-004
 completed iteration         6490 , error =   2.948430375115034E-004
 completed iteration         6500 , error =   2.944805671910362E-004
 completed iteration         6510 , error =   2.941190563257829E-004
 completed iteration         6520 , error =   2.937585009103321E-004
 completed iteration         6530 , error =   2.933988969622565E-004
 completed iteration         6540 , error =   2.930402405219306E-004
 completed iteration         6550 , error =   2.926825276523745E-004
 completed iteration         6560 , error =   2.923257544390803E-004
 completed iteration         6570 , error =   2.919699169898655E-004
 completed iteration         6580 , error =   2.916150114346890E-004
 completed iteration         6590 , error =   2.912610339255060E-004
 completed iteration         6600 , error =   2.909079806361006E-004
 completed iteration         6610 , error =   2.905558477619414E-004
 completed iteration         6620 , error =   2.902046315200021E-004
 completed iteration         6630 , error =   2.898543281486386E-004
 completed iteration         6640 , error =   2.895049339073960E-004
 completed iteration         6650 , error =   2.891564450768943E-004
 completed iteration         6660 , error =   2.888088579586559E-004
 completed iteration         6670 , error =   2.884621688749638E-004
 completed iteration         6680 , error =   2.881163741686995E-004
 completed iteration         6690 , error =   2.877714702032252E-004
 completed iteration         6700 , error =   2.874274533622076E-004
 completed iteration         6710 , error =   2.870843200494909E-004
 completed iteration         6720 , error =   2.867420666889441E-004
 completed iteration         6730 , error =   2.864006897243346E-004
 completed iteration         6740 , error =   2.860601856191624E-004
 completed iteration         6750 , error =   2.857205508565449E-004
 completed iteration         6760 , error =   2.853817819390671E-004
 completed iteration         6770 , error =   2.850438753886423E-004
 completed iteration         6780 , error =   2.847068277463821E-004
 completed iteration         6790 , error =   2.843706355724564E-004
 completed iteration         6800 , error =   2.840352954459693E-004
 completed iteration         6810 , error =   2.837008039648125E-004
 completed iteration         6820 , error =   2.833671577455418E-004
 completed iteration         6830 , error =   2.830343534232531E-004
 completed iteration         6840 , error =   2.827023876514370E-004
 completed iteration         6850 , error =   2.823712571018640E-004
 completed iteration         6860 , error =   2.820409584644561E-004
 completed iteration         6870 , error =   2.817114884471508E-004
 completed iteration         6880 , error =   2.813828437757898E-004
 completed iteration         6890 , error =   2.810550211939877E-004
 completed iteration         6900 , error =   2.807280174630080E-004
 completed iteration         6910 , error =   2.804018293616456E-004
 completed iteration         6920 , error =   2.800764536861010E-004
 completed iteration         6930 , error =   2.797518872498724E-004
 completed iteration         6940 , error =   2.794281268836138E-004
 completed iteration         6950 , error =   2.791051694350429E-004
 completed iteration         6960 , error =   2.787830117688133E-004
 completed iteration         6970 , error =   2.784616507663827E-004
 completed iteration         6980 , error =   2.781410833259400E-004
 completed iteration         6990 , error =   2.778213063622408E-004
 completed iteration         7000 , error =   2.775023168065301E-004
 completed iteration         7010 , error =   2.771841116064176E-004
 completed iteration         7020 , error =   2.768666877257662E-004
 completed iteration         7030 , error =   2.765500421445880E-004
 completed iteration         7040 , error =   2.762341718589222E-004
 completed iteration         7050 , error =   2.759190738807408E-004
 completed iteration         7060 , error =   2.756047452378340E-004
 completed iteration         7070 , error =   2.752911829737046E-004
 completed iteration         7080 , error =   2.749783841474611E-004
 completed iteration         7090 , error =   2.746663458337162E-004
 completed iteration         7100 , error =   2.743550651224806E-004
 completed iteration         7110 , error =   2.740445391190612E-004
 completed iteration         7120 , error =   2.737347649439498E-004
 completed iteration         7130 , error =   2.734257397327396E-004
 completed iteration         7140 , error =   2.731174606360039E-004
 completed iteration         7150 , error =   2.728099248192147E-004
 completed iteration         7160 , error =   2.725031294626335E-004
 completed iteration         7170 , error =   2.721970717612135E-004
 completed iteration         7180 , error =   2.718917489244994E-004
 completed iteration         7190 , error =   2.715871581765461E-004
 completed iteration         7200 , error =   2.712832967557965E-004
 completed iteration         7210 , error =   2.709801619150117E-004
 completed iteration         7220 , error =   2.706777509211612E-004
 completed iteration         7230 , error =   2.703760610553408E-004
 completed iteration         7240 , error =   2.700750896126629E-004
 completed iteration         7250 , error =   2.697748339021875E-004
 completed iteration         7260 , error =   2.694752912468055E-004
 completed iteration         7270 , error =   2.691764589831635E-004
 completed iteration         7280 , error =   2.688783344615744E-004
 completed iteration         7290 , error =   2.685809150459254E-004
 completed iteration         7300 , error =   2.682841981135802E-004
 completed iteration         7310 , error =   2.679881810553086E-004
 completed iteration         7320 , error =   2.676928612751868E-004
 completed iteration         7330 , error =   2.673982361905130E-004
 completed iteration         7340 , error =   2.671043032317168E-004
 completed iteration         7350 , error =   2.668110598422996E-004
 completed iteration         7360 , error =   2.665185034787097E-004
 completed iteration         7370 , error =   2.662266316102870E-004
 completed iteration         7380 , error =   2.659354417191793E-004
 completed iteration         7390 , error =   2.656449313002423E-004
 completed iteration         7400 , error =   2.653550978609759E-004
 completed iteration         7410 , error =   2.650659389214315E-004
 completed iteration         7420 , error =   2.647774520141397E-004
 completed iteration         7430 , error =   2.644896346840187E-004
 completed iteration         7440 , error =   2.642024844883091E-004
 completed iteration         7450 , error =   2.639159989964875E-004
 completed iteration         7460 , error =   2.636301757901864E-004
 completed iteration         7470 , error =   2.633450124631273E-004
 completed iteration         7480 , error =   2.630605066210245E-004
 completed iteration         7490 , error =   2.627766558815321E-004
 completed iteration         7500 , error =   2.624934578741440E-004
 completed iteration         7510 , error =   2.622109102401485E-004
 completed iteration         7520 , error =   2.619290106325259E-004
 completed iteration         7530 , error =   2.616477567158844E-004
 completed iteration         7540 , error =   2.613671461663909E-004
 completed iteration         7550 , error =   2.610871766716988E-004
 completed iteration         7560 , error =   2.608078459308637E-004
 completed iteration         7570 , error =   2.605291516542897E-004
 completed iteration         7580 , error =   2.602510915636370E-004
 completed iteration         7590 , error =   2.599736633917744E-004
 completed iteration         7600 , error =   2.596968648826883E-004
 completed iteration         7610 , error =   2.594206937914286E-004
 completed iteration         7620 , error =   2.591451478840332E-004
 completed iteration         7630 , error =   2.588702249374548E-004
 completed iteration         7640 , error =   2.585959227394999E-004
 completed iteration         7650 , error =   2.583222390887642E-004
 completed iteration         7660 , error =   2.580491717945531E-004
 completed iteration         7670 , error =   2.577767186768257E-004
 completed iteration         7680 , error =   2.575048775661322E-004
 completed iteration         7690 , error =   2.572336463035291E-004
 completed iteration         7700 , error =   2.569630227405402E-004
 completed iteration         7710 , error =   2.566930047390736E-004
 completed iteration         7720 , error =   2.564235901713600E-004
 completed iteration         7730 , error =   2.561547769198993E-004
 completed iteration         7740 , error =   2.558865628773823E-004
 completed iteration         7750 , error =   2.556189459466480E-004
 completed iteration         7760 , error =   2.553519240405995E-004
 completed iteration         7770 , error =   2.550854950821580E-004
 completed iteration         7780 , error =   2.548196570041926E-004
 completed iteration         7790 , error =   2.545544077494726E-004
 completed iteration         7800 , error =   2.542897452705849E-004
 completed iteration         7810 , error =   2.540256675298944E-004
 completed iteration         7820 , error =   2.537621724994798E-004
 completed iteration         7830 , error =   2.534992581610656E-004
 completed iteration         7840 , error =   2.532369225059775E-004
 completed iteration         7850 , error =   2.529751635350715E-004
 completed iteration         7860 , error =   2.527139792586820E-004
 completed iteration         7870 , error =   2.524533676965656E-004
 completed iteration         7880 , error =   2.521933268778445E-004
 completed iteration         7890 , error =   2.519338548409466E-004
 completed iteration         7900 , error =   2.516749496335530E-004
 completed iteration         7910 , error =   2.514166093125381E-004
 completed iteration         7920 , error =   2.511588319439168E-004
 completed iteration         7930 , error =   2.509016156027968E-004
 completed iteration         7940 , error =   2.506449583733100E-004
 completed iteration         7950 , error =   2.503888583485682E-004
 completed iteration         7960 , error =   2.501333136306060E-004
 completed iteration         7970 , error =   2.498783223303323E-004
 completed iteration         7980 , error =   2.496238825674737E-004
 completed iteration         7990 , error =   2.493699924705175E-004
 completed iteration         8000 , error =   2.491166501766695E-004
 completed iteration         8010 , error =   2.488638538317923E-004
 completed iteration         8020 , error =   2.486116015903686E-004
 completed iteration         8030 , error =   2.483598916154313E-004
 completed iteration         8040 , error =   2.481087220785186E-004
 completed iteration         8050 , error =   2.478580911596452E-004
 completed iteration         8060 , error =   2.476079970472117E-004
 completed iteration         8070 , error =   2.473584379379965E-004
 completed iteration         8080 , error =   2.471094120370830E-004
 completed iteration         8090 , error =   2.468609175578114E-004
 completed iteration         8100 , error =   2.466129527217360E-004
 completed iteration         8110 , error =   2.463655157585831E-004
 completed iteration         8120 , error =   2.461186049061842E-004
 completed iteration         8130 , error =   2.458722184104525E-004
 completed iteration         8140 , error =   2.456263545253135E-004
 completed iteration         8150 , error =   2.453810115126809E-004
 completed iteration         8160 , error =   2.451361876423788E-004
 completed iteration         8170 , error =   2.448918811921380E-004
 completed iteration         8180 , error =   2.446480904475032E-004
 completed iteration         8190 , error =   2.444048137018294E-004
 completed iteration         8200 , error =   2.441620492562140E-004
 completed iteration         8210 , error =   2.439197954194495E-004
 completed iteration         8220 , error =   2.436780505079907E-004
 completed iteration         8230 , error =   2.434368128459074E-004
 completed iteration         8240 , error =   2.431960807648394E-004
 completed iteration         8250 , error =   2.429558526039479E-004
 completed iteration         8260 , error =   2.427161267098785E-004
 completed iteration         8270 , error =   2.424769014367233E-004
 completed iteration         8280 , error =   2.422381751459611E-004
 completed iteration         8290 , error =   2.419999462064337E-004
 completed iteration         8300 , error =   2.417622129942847E-004
 completed iteration         8310 , error =   2.415249738929432E-004
 completed iteration         8320 , error =   2.412882272930609E-004
 completed iteration         8330 , error =   2.410519715924710E-004
 completed iteration         8340 , error =   2.408162051961671E-004
 completed iteration         8350 , error =   2.405809265162409E-004
 completed iteration         8360 , error =   2.403461339718480E-004
 completed iteration         8370 , error =   2.401118259891822E-004
 completed iteration         8380 , error =   2.398780010014087E-004
 completed iteration         8390 , error =   2.396446574486521E-004
 completed iteration         8400 , error =   2.394117937779378E-004
 completed iteration         8410 , error =   2.391794084431621E-004
 completed iteration         8420 , error =   2.389474999050495E-004
 completed iteration         8430 , error =   2.387160666311230E-004
 completed iteration         8440 , error =   2.384851070956481E-004
 completed iteration         8450 , error =   2.382546197796102E-004
 completed iteration         8460 , error =   2.380246031706756E-004
 completed iteration         8470 , error =   2.377950557631483E-004
 completed iteration         8480 , error =   2.375659760579417E-004
 completed iteration         8490 , error =   2.373373625625184E-004
 completed iteration         8500 , error =   2.371092137908900E-004
 completed iteration         8510 , error =   2.368815282635518E-004
 completed iteration         8520 , error =   2.366543045074583E-004
 completed iteration         8530 , error =   2.364275410559824E-004
 completed iteration         8540 , error =   2.362012364488866E-004
 completed iteration         8550 , error =   2.359753892322808E-004
 completed iteration         8560 , error =   2.357499979585918E-004
 completed iteration         8570 , error =   2.355250611865227E-004
 completed iteration         8580 , error =   2.353005774810268E-004
 completed iteration         8590 , error =   2.350765454132621E-004
 completed iteration         8600 , error =   2.348529635605724E-004
 completed iteration         8610 , error =   2.346298305064354E-004
 completed iteration         8620 , error =   2.344071448404375E-004
 completed iteration         8630 , error =   2.341849051582469E-004
 completed iteration         8640 , error =   2.339631100615664E-004
 completed iteration         8650 , error =   2.337417581581136E-004
 completed iteration         8660 , error =   2.335208480615757E-004
 completed iteration         8670 , error =   2.333003783915897E-004
 completed iteration         8680 , error =   2.330803477736953E-004
 completed iteration         8690 , error =   2.328607548393186E-004
 completed iteration         8700 , error =   2.326415982257250E-004
 completed iteration         8710 , error =   2.324228765759968E-004
 completed iteration         8720 , error =   2.322045885390073E-004
 completed iteration         8730 , error =   2.319867327693643E-004
 completed iteration         8740 , error =   2.317693079274122E-004
 completed iteration         8750 , error =   2.315523126791734E-004
 completed iteration         8760 , error =   2.313357456963335E-004
 completed iteration         8770 , error =   2.311196056562069E-004
 completed iteration         8780 , error =   2.309038912417065E-004
 completed iteration         8790 , error =   2.306886011413061E-004
 completed iteration         8800 , error =   2.304737340490227E-004
 completed iteration         8810 , error =   2.302592886643779E-004
 completed iteration         8820 , error =   2.300452636923737E-004
 completed iteration         8830 , error =   2.298316578434591E-004
 completed iteration         8840 , error =   2.296184698335049E-004
 completed iteration         8850 , error =   2.294056983837611E-004
 completed iteration         8860 , error =   2.291933422208580E-004
 completed iteration         8870 , error =   2.289814000767443E-004
 completed iteration         8880 , error =   2.287698706886770E-004
 completed iteration         8890 , error =   2.285587527991927E-004
 completed iteration         8900 , error =   2.283480451560684E-004
 completed iteration         8910 , error =   2.281377465123073E-004
 completed iteration         8920 , error =   2.279278556261059E-004
 completed iteration         8930 , error =   2.277183712608182E-004
 completed iteration         8940 , error =   2.275092921849427E-004
 completed iteration         8950 , error =   2.273006171720886E-004
 completed iteration         8960 , error =   2.270923450009383E-004
 completed iteration         8970 , error =   2.268844744552422E-004
 completed iteration         8980 , error =   2.266770043237761E-004
 completed iteration         8990 , error =   2.264699334003230E-004
 completed iteration         9000 , error =   2.262632604836315E-004
 completed iteration         9010 , error =   2.260569843774042E-004
 completed iteration         9020 , error =   2.258511038902830E-004
 completed iteration         9030 , error =   2.256456178357922E-004
 completed iteration         9040 , error =   2.254405250323350E-004
 completed iteration         9050 , error =   2.252358243031607E-004
 completed iteration         9060 , error =   2.250315144763458E-004
 completed iteration         9070 , error =   2.248275943847576E-004
 completed iteration         9080 , error =   2.246240628660375E-004
 completed iteration         9090 , error =   2.244209187625804E-004
 completed iteration         9100 , error =   2.242181609214926E-004
 completed iteration         9110 , error =   2.240157881945852E-004
 completed iteration         9120 , error =   2.238137994383444E-004
 completed iteration         9130 , error =   2.236121935139016E-004
 completed iteration         9140 , error =   2.234109692870144E-004
 completed iteration         9150 , error =   2.232101256280457E-004
 completed iteration         9160 , error =   2.230096614119290E-004
 completed iteration         9170 , error =   2.228095755181604E-004
 completed iteration         9180 , error =   2.226098668307574E-004
 completed iteration         9190 , error =   2.224105342382530E-004
 completed iteration         9200 , error =   2.222115766336507E-004
 completed iteration         9210 , error =   2.220129929144340E-004
 completed iteration         9220 , error =   2.218147819825109E-004
 completed iteration         9230 , error =   2.216169427442078E-004
 completed iteration         9240 , error =   2.214194741102442E-004
 completed iteration         9250 , error =   2.212223749957116E-004
 completed iteration         9260 , error =   2.210256443200438E-004
 completed iteration         9270 , error =   2.208292810070078E-004
 completed iteration         9280 , error =   2.206332839846638E-004
 completed iteration         9290 , error =   2.204376521853649E-004
 completed iteration         9300 , error =   2.202423845457168E-004
 completed iteration         9310 , error =   2.200474800065688E-004
 completed iteration         9320 , error =   2.198529375129803E-004
 completed iteration         9330 , error =   2.196587560142053E-004
 completed iteration         9340 , error =   2.194649344636787E-004
 completed iteration         9350 , error =   2.192714718189881E-004
 completed iteration         9360 , error =   2.190783670418447E-004
 completed iteration         9370 , error =   2.188856190980801E-004
 completed iteration         9380 , error =   2.186932269576075E-004
 completed iteration         9390 , error =   2.185011895944185E-004
 completed iteration         9400 , error =   2.183095059865474E-004
 completed iteration         9410 , error =   2.181181751160577E-004
 completed iteration         9420 , error =   2.179271959690218E-004
 completed iteration         9430 , error =   2.177365675355063E-004
 completed iteration         9440 , error =   2.175462888095416E-004
 completed iteration         9450 , error =   2.173563587891060E-004
 completed iteration         9460 , error =   2.171667764761009E-004
 completed iteration         9470 , error =   2.169775408763535E-004
 completed iteration         9480 , error =   2.167886509995639E-004
 completed iteration         9490 , error =   2.166001058593106E-004
 completed iteration         9500 , error =   2.164119044730278E-004
 completed iteration         9510 , error =   2.162240458619660E-004
 completed iteration         9520 , error =   2.160365290512036E-004
 completed iteration         9530 , error =   2.158493530696069E-004
 completed iteration         9540 , error =   2.156625169498185E-004
 completed iteration         9550 , error =   2.154760197282356E-004
 completed iteration         9560 , error =   2.152898604449936E-004
 completed iteration         9570 , error =   2.151040381439507E-004
 completed iteration         9580 , error =   2.149185518726640E-004
 completed iteration         9590 , error =   2.147334006823691E-004
 completed iteration         9600 , error =   2.145485836279733E-004
 completed iteration         9610 , error =   2.143640997680272E-004
 completed iteration         9620 , error =   2.141799481647063E-004
 completed iteration         9630 , error =   2.139961278838048E-004
 completed iteration         9640 , error =   2.138126379947045E-004
 completed iteration         9650 , error =   2.136294775703655E-004
 completed iteration         9660 , error =   2.134466456873034E-004
 completed iteration         9670 , error =   2.132641414255753E-004
 completed iteration         9680 , error =   2.130819638687639E-004
 completed iteration         9690 , error =   2.129001121039565E-004
 completed iteration         9700 , error =   2.127185852217227E-004
 completed iteration         9710 , error =   2.125373823161182E-004
 completed iteration         9720 , error =   2.123565024846456E-004
 completed iteration         9730 , error =   2.121759448282425E-004
 completed iteration         9740 , error =   2.119957084512727E-004
 completed iteration         9750 , error =   2.118157924615108E-004
 completed iteration         9760 , error =   2.116361959701054E-004
 completed iteration         9770 , error =   2.114569180915933E-004
 completed iteration         9780 , error =   2.112779579438562E-004
 completed iteration         9790 , error =   2.110993146481181E-004
 completed iteration         9800 , error =   2.109209873289305E-004
 completed iteration         9810 , error =   2.107429751141491E-004
 completed iteration         9820 , error =   2.105652771349200E-004
 completed iteration         9830 , error =   2.103878925256693E-004
 completed iteration         9840 , error =   2.102108204240848E-004
 completed iteration         9850 , error =   2.100340599710866E-004
 completed iteration         9860 , error =   2.098576103108372E-004
 completed iteration         9870 , error =   2.096814705907062E-004
 completed iteration         9880 , error =   2.095056399612655E-004
 completed iteration         9890 , error =   2.093301175762627E-004
 completed iteration         9900 , error =   2.091549025926239E-004
 completed iteration         9910 , error =   2.089799941704148E-004
 completed iteration         9920 , error =   2.088053914728484E-004
 completed iteration         9930 , error =   2.086310936662579E-004
 completed iteration         9940 , error =   2.084570999200832E-004
 completed iteration         9950 , error =   2.082834094068545E-004
 completed iteration         9960 , error =   2.081100213021876E-004
 completed iteration         9970 , error =   2.079369347847554E-004
 completed iteration         9980 , error =   2.077641490362810E-004
 completed iteration         9990 , error =   2.075916632415284E-004
 completed iteration        10000 , error =   2.074194765882739E-004
 
 ... finished
 
 After     10000 iterations, error is  0.2074E-03
 Time for  10000 iterations was  0.4109     seconds
 Each individual iteration took  0.4109E-04 seconds
 
 Writing output file ...
  ... finished
 
 CFD completed
 
S=C=A=N: Tue Feb 11 14:15:27 2025: Collect done (status=0) 3s
S=C=A=N: ./scorep_exe_20_sum complete.
done
